#
# There is insufficient memory for the Java Runtime Environment to continue.
# Native memory allocation (mmap) failed to map 73269248 bytes for committing reserved memory.
# Possible reasons:
#   The system is out of physical RAM or swap space
#   The process is running with CompressedOops enabled, and the Java Heap may be blocking the growth of the native heap
# Possible solutions:
#   Reduce memory load on the system
#   Increase physical memory or swap space
#   Check if swap backing store is full
#   Decrease Java heap size (-Xmx/-Xms)
#   Decrease number of Java threads
#   Decrease Java thread stack sizes (-Xss)
#   Set larger code cache with -XX:ReservedCodeCacheSize=
#   JVM is running with Unscaled Compressed Oops mode in which the Java heap is
#     placed in the first 4GB address space. The Java Heap base address is the
#     maximum limit for the native heap growth. Please use -XX:HeapBaseMinAddress
#     to set the Java Heap base and to place the Java Heap above 4GB virtual address.
# This output file may be truncated or incomplete.
#
#  Out of Memory Error (os_linux.cpp:2757), pid=2042, tid=0x00007fb5c0522700
#
# JRE version: OpenJDK Runtime Environment (8.0_222-b10) (build 1.8.0_222-8u222-b10-1ubuntu1~16.04.1-b10)
# Java VM: OpenJDK 64-Bit Server VM (25.222-b10 mixed mode linux-amd64 compressed oops)
# Failed to write core dump. Core dumps have been disabled. To enable core dumping, try "ulimit -c unlimited" before starting Java again
#

---------------  T H R E A D  ---------------

Current thread (0x00007fb5bc075800):  VMThread [stack: 0x00007fb5c0422000,0x00007fb5c0523000] [id=2056]

Stack: [0x00007fb5c0422000,0x00007fb5c0523000],  sp=0x00007fb5c0521540,  free space=1021k
Native frames: (J=compiled Java code, j=interpreted, Vv=VM code, C=native code)
V  [libjvm.so+0xa7787b]
V  [libjvm.so+0x4caa8c]
V  [libjvm.so+0x8c5da8]
V  [libjvm.so+0x8bd3ee]
V  [libjvm.so+0xa73fd4]
V  [libjvm.so+0x5cf9dd]
V  [libjvm.so+0x5d057d]
V  [libjvm.so+0x5bcf68]
V  [libjvm.so+0x45135f]
V  [libjvm.so+0xa78991]
V  [libjvm.so+0xa7e587]
V  [libjvm.so+0xa7bde7]
V  [libjvm.so+0xa7d0cf]
V  [libjvm.so+0xa7d5f2]
V  [libjvm.so+0x8c3102]

VM_Operation (0x00007fb588bcc6b0): GenCollectForAllocation, mode: safepoint, requested by thread 0x00007fb59ca30800


---------------  P R O C E S S  ---------------

Java Threads: ( => current thread )
  0x00007fb5a0081000 JavaThread "threadDeathWatcher-7-1" daemon [_thread_blocked, id=2165, stack(0x00007fb5832ac000,0x00007fb5833ad000)]
  0x0000000001bbd000 JavaThread "shuffle-client-4-1" daemon [_thread_in_native, id=2164, stack(0x00007fb5835ad000,0x00007fb5836ae000)]
  0x0000000001b83000 JavaThread "block-manager-slave-async-thread-pool-25" daemon [_thread_blocked, id=2163, stack(0x00007fb5836ae000,0x00007fb5837af000)]
  0x00007fb5a817c800 JavaThread "block-manager-ask-thread-pool-9" daemon [_thread_blocked, id=2162, stack(0x00007fb5872b6000,0x00007fb5873b7000)]
  0x00007fb5a400b000 JavaThread "block-manager-ask-thread-pool-8" daemon [_thread_blocked, id=2161, stack(0x00007fb5874b8000,0x00007fb5875b9000)]
  0x00007fb5a81f6800 JavaThread "Executor task launch worker for task 9446" daemon [_thread_blocked, id=2160, stack(0x00007fb5846b2000,0x00007fb5847b3000)]
  0x00007fb5a80f0000 JavaThread "Executor task launch worker for task 9458" daemon [_thread_blocked, id=2159, stack(0x00007fb5875b9000,0x00007fb5876ba000)]
  0x00007fb5a0047000 JavaThread "block-manager-slave-async-thread-pool-24" daemon [_thread_blocked, id=2158, stack(0x00007fb5873b7000,0x00007fb5874b8000)]
  0x00007fb5a0046000 JavaThread "block-manager-slave-async-thread-pool-23" daemon [_thread_blocked, id=2157, stack(0x00007fb5841af000,0x00007fb5842b0000)]
  0x00007fb5a004a000 JavaThread "block-manager-slave-async-thread-pool-22" daemon [_thread_blocked, id=2156, stack(0x00007fb5842b0000,0x00007fb5843b1000)]
  0x00007fb5a003e800 JavaThread "block-manager-slave-async-thread-pool-21" daemon [_thread_blocked, id=2155, stack(0x00007fb5847b3000,0x00007fb5848b4000)]
  0x00007fb590847000 JavaThread "Thread-18" [_thread_in_native, id=2139, stack(0x00007fb5843b1000,0x00007fb5844b2000)]
  0x00007fb5a8130000 JavaThread "task-result-getter-3" daemon [_thread_blocked, id=2110, stack(0x00007fb585cb4000,0x00007fb585db5000)]
  0x00007fb5a0041000 JavaThread "task-result-getter-2" daemon [_thread_blocked, id=2109, stack(0x00007fb5871b5000,0x00007fb5872b6000)]
  0x00007fb5a80d5000 JavaThread "task-result-getter-1" daemon [_thread_blocked, id=2104, stack(0x00007fb5876ba000,0x00007fb5877bb000)]
  0x00007fb5a0038000 JavaThread "task-result-getter-0" daemon [_thread_blocked, id=2103, stack(0x00007fb5879bb000,0x00007fb587abc000)]
  0x00007fb59ca3c000 JavaThread "org.apache.hadoop.fs.FileSystem$Statistics$StatisticsDataReferenceCleaner" daemon [_thread_blocked, id=2101, stack(0x00007fb5883ca000,0x00007fb5884cb000)]
  0x00007fb59ca36000 JavaThread "SparkListenerBus" daemon [_thread_blocked, id=2099, stack(0x00007fb5888cb000,0x00007fb5889cc000)]
  0x00007fb59ca32000 JavaThread "context-cleaner-periodic-gc" daemon [_thread_blocked, id=2098, stack(0x00007fb5889cc000,0x00007fb588acd000)]
  0x00007fb59ca30800 JavaThread "Spark Context Cleaner" daemon [_thread_blocked, id=2097, stack(0x00007fb588acd000,0x00007fb588bce000)]
  0x00007fb59c869800 JavaThread "shuffle-server-5-1" daemon [_thread_in_native, id=2096, stack(0x00007fb588dce000,0x00007fb588ecf000)]
  0x00007fb59c866800 JavaThread "driver-heartbeater" daemon [_thread_blocked, id=2095, stack(0x00007fb588ecf000,0x00007fb588fd0000)]
  0x00007fb59c8fb800 JavaThread "dag-scheduler-event-loop" daemon [_thread_blocked, id=2094, stack(0x00007fb588fd0000,0x00007fb5890d1000)]
  0x0000000001b73800 JavaThread "netty-rpc-env-timeout" daemon [_thread_blocked, id=2093, stack(0x00007fb5890d1000,0x00007fb5891d2000)]
  0x00007fb59c8ac000 JavaThread "Timer-0" daemon [_thread_blocked, id=2092, stack(0x00007fb5891d2000,0x00007fb5892d3000)]
  0x00007fb5a8078000 JavaThread "heartbeat-receiver-event-loop-thread" daemon [_thread_blocked, id=2091, stack(0x00007fb5892d3000,0x00007fb5893d4000)]
  0x00007fb59c856800 JavaThread "SparkUI-37" daemon [_thread_blocked, id=2090, stack(0x00007fb5893d4000,0x00007fb5894d5000)]
  0x00007fb59c9c2000 JavaThread "SparkUI-36" daemon [_thread_blocked, id=2089, stack(0x00007fb5894d5000,0x00007fb5895d6000)]
  0x00007fb59c9c0000 JavaThread "SparkUI-35" daemon [_thread_blocked, id=2088, stack(0x00007fb5895d6000,0x00007fb5896d7000)]
  0x00007fb59c9be000 JavaThread "SparkUI-34" daemon [_thread_blocked, id=2087, stack(0x00007fb5896d7000,0x00007fb5897d8000)]
  0x00007fb59c9bc000 JavaThread "SparkUI-33" daemon [_thread_blocked, id=2086, stack(0x00007fb5897d8000,0x00007fb5898d9000)]
  0x00007fb59c8af800 JavaThread "SparkUI-32" daemon [_thread_blocked, id=2085, stack(0x00007fb5898d9000,0x00007fb5899da000)]
  0x00007fb59c8ae000 JavaThread "SparkUI-31-acceptor-0@71ba336a-Spark@7f7dd32d{HTTP/1.1}{0.0.0.0:4040}" daemon [_thread_in_native, id=2084, stack(0x00007fb5899da000,0x00007fb589adb000)]
  0x00007fb59c8ad000 JavaThread "SparkUI-30-selector-ServerConnectorManager@414e1750/0" daemon [_thread_in_native, id=2083, stack(0x00007fb589adb000,0x00007fb589bdc000)]
  0x00007fb59c7b7000 JavaThread "refresh progress" daemon [_thread_blocked, id=2081, stack(0x00007fb589ddc000,0x00007fb589edd000)]
  0x00007fb59c6fd000 JavaThread "map-output-dispatcher-7" daemon [_thread_blocked, id=2080, stack(0x00007fb58a0dd000,0x00007fb58a1de000)]
  0x00007fb59c6fb800 JavaThread "map-output-dispatcher-6" daemon [_thread_blocked, id=2079, stack(0x00007fb58a1de000,0x00007fb58a2df000)]
  0x00007fb59c7c0800 JavaThread "map-output-dispatcher-5" daemon [_thread_blocked, id=2078, stack(0x00007fb58a2df000,0x00007fb58a3e0000)]
  0x00007fb59c7be800 JavaThread "map-output-dispatcher-4" daemon [_thread_blocked, id=2077, stack(0x00007fb58a3e0000,0x00007fb58a4e1000)]
  0x00007fb59c7bd000 JavaThread "map-output-dispatcher-3" daemon [_thread_blocked, id=2076, stack(0x00007fb58a4e1000,0x00007fb58a5e2000)]
  0x00007fb59c7bb000 JavaThread "map-output-dispatcher-2" daemon [_thread_blocked, id=2075, stack(0x00007fb58a5e2000,0x00007fb58a6e3000)]
  0x00007fb59c7a7000 JavaThread "map-output-dispatcher-1" daemon [_thread_blocked, id=2074, stack(0x00007fb58a6e3000,0x00007fb58a7e4000)]
  0x00007fb59c7a6800 JavaThread "map-output-dispatcher-0" daemon [_thread_blocked, id=2073, stack(0x00007fb58a7e4000,0x00007fb58a8e5000)]
  0x00007fb59c6fa000 JavaThread "rpc-server-3-1" daemon [_thread_in_native, id=2072, stack(0x00007fb58a8e5000,0x00007fb58a9e6000)]
  0x00007fb59c5be800 JavaThread "dispatcher-event-loop-1" daemon [_thread_blocked, id=2071, stack(0x00007fb58adf8000,0x00007fb58aef9000)]
  0x00007fb59c5be000 JavaThread "dispatcher-event-loop-0" daemon [_thread_blocked, id=2070, stack(0x00007fb58b71d000,0x00007fb58b81e000)]
  0x00007fb5904eb800 JavaThread "Thread-2" [_thread_blocked, id=2066, stack(0x00007fb58be61000,0x00007fb58bf62000)]
  0x00007fb5bcde8800 JavaThread "Thread-1" [_thread_in_native, id=2065, stack(0x00007fb58bf62000,0x00007fb58c063000)]
  0x00007fb5bcdd9000 JavaThread "pool-1-thread-1" [_thread_blocked, id=2064, stack(0x00007fb58c263000,0x00007fb58c364000)]
  0x00007fb5bc0bb000 JavaThread "Service Thread" daemon [_thread_blocked, id=2062, stack(0x00007fb5ac3fc000,0x00007fb5ac4fd000)]
  0x00007fb5bc0b8000 JavaThread "C1 CompilerThread1" daemon [_thread_blocked, id=2061, stack(0x00007fb5ac4fd000,0x00007fb5ac5fe000)]
  0x00007fb5bc0b6000 JavaThread "C2 CompilerThread0" daemon [_thread_blocked, id=2060, stack(0x00007fb5ac5fe000,0x00007fb5ac6ff000)]
  0x00007fb5bc0b4000 JavaThread "Signal Dispatcher" daemon [_thread_blocked, id=2059, stack(0x00007fb5ac6ff000,0x00007fb5ac800000)]
  0x00007fb5bc082000 JavaThread "Finalizer" daemon [_thread_blocked, id=2058, stack(0x00007fb5c0220000,0x00007fb5c0321000)]
  0x00007fb5bc07f800 JavaThread "Reference Handler" daemon [_thread_blocked, id=2057, stack(0x00007fb5c0321000,0x00007fb5c0422000)]
  0x00007fb5bc011800 JavaThread "main" [_thread_in_native, id=2055, stack(0x00007fb5c4428000,0x00007fb5c4529000)]

Other Threads:
=>0x00007fb5bc075800 VMThread [stack: 0x00007fb5c0422000,0x00007fb5c0523000] [id=2056]
  0x00007fb5bc0be000 WatcherThread [stack: 0x00007fb5ac2fb000,0x00007fb5ac3fc000] [id=2063]

VM state:at safepoint (normal execution)

VM Mutex/Monitor currently owned by a thread:  ([mutex/lock_event])
[0x00007fb5bc00df10] Threads_lock - owner thread: 0x00007fb5bc075800
[0x00007fb5bc00e410] Heap_lock - owner thread: 0x00007fb59ca30800

heap address: 0x00000000c0000000, size: 1024 MB, Compressed Oops mode: 32-bit
Narrow klass base: 0x0000000000000000, Narrow klass shift: 3
Compressed class space size: 1073741824 Address: 0x0000000100000000

Heap:
 def new generation   total 110016K, used 0K [0x00000000c0000000, 0x00000000c7750000, 0x00000000d5550000)
  eden space 97856K,   0% used [0x00000000c0000000, 0x00000000c0000000, 0x00000000c5f90000)
  from space 12160K,   0% used [0x00000000c5f90000, 0x00000000c5f90000, 0x00000000c6b70000)
  to   space 12160K,   0% used [0x00000000c6b70000, 0x00000000c6b70000, 0x00000000c7750000)
 tenured generation   total 248128K, used 191807K [0x00000000d5550000, 0x00000000e47a0000, 0x0000000100000000)
   the space 248128K,  77% used [0x00000000d5550000, 0x00000000e109fc50, 0x00000000e109fe00, 0x00000000e47a0000)
 Metaspace       used 96244K, capacity 98405K, committed 104024K, reserved 1140736K
  class space    used 12106K, capacity 12439K, committed 13400K, reserved 1048576K

Card table byte_map: [0x00007fb5c08bf000,0x00007fb5c0ac0000] byte_map_base: 0x00007fb5c02bf000

Polling page: 0x00007fb5c4534000

CodeCache: size=245760Kb used=61973Kb max_used=63253Kb free=183786Kb
 bounds [0x00007fb5ad000000, 0x00007fb5b0f60000, 0x00007fb5bc000000]
 total_blobs=16582 nmethods=15829 adapters=663
 compilation: enabled

Compilation events (10 events):
Event: 1064.952 Thread 0x00007fb5bc0b8000 23198       1       io.netty.util.Recycler$DefaultHandle::access$500 (5 bytes)
Event: 1064.953 Thread 0x00007fb5bc0b8000 nmethod 23198 0x00007fb5aecce550 code [0x00007fb5aecce6a0, 0x00007fb5aecce790]
Event: 1064.954 Thread 0x00007fb5bc0b8000 23199       1       java.nio.channels.spi.AbstractSelectionKey::isValid (5 bytes)
Event: 1064.955 Thread 0x00007fb5bc0b8000 nmethod 23199 0x00007fb5aec9cf50 code [0x00007fb5aec9d0a0, 0x00007fb5aec9d1b0]
Event: 1064.968 Thread 0x00007fb5bc0b8000 23208       3       org.apache.spark.storage.TaskResultBlockId::name (26 bytes)
Event: 1064.969 Thread 0x00007fb5bc0b8000 nmethod 23208 0x00007fb5af6b7b50 code [0x00007fb5af6b7de0, 0x00007fb5af6b8e58]
Event: 1064.969 Thread 0x00007fb5bc0b8000 23209       3       org.apache.spark.storage.TaskResultBlockId::taskId (5 bytes)
Event: 1064.969 Thread 0x00007fb5bc0b8000 nmethod 23209 0x00007fb5ad5b7250 code [0x00007fb5ad5b73a0, 0x00007fb5ad5b74f0]
Event: 1065.019 Thread 0x00007fb5bc0b6000 23210       4       scala.collection.immutable.HashMap$HashTrieMap::iterator (9 bytes)
Event: 1065.022 Thread 0x00007fb5bc0b6000 nmethod 23210 0x00007fb5ada7b210 code [0x00007fb5ada7b360, 0x00007fb5ada7b598]

GC Heap History (10 events):
Event: 1064.648 GC heap after
Heap after GC invocations=4456 (full 28):
 def new generation   total 110016K, used 762K [0x00000000c0000000, 0x00000000c7750000, 0x00000000d5550000)
  eden space 97856K,   0% used [0x00000000c0000000, 0x00000000c0000000, 0x00000000c5f90000)
  from space 12160K,   6% used [0x00000000c6b70000, 0x00000000c6c2e8b8, 0x00000000c7750000)
  to   space 12160K,   0% used [0x00000000c5f90000, 0x00000000c5f90000, 0x00000000c6b70000)
 tenured generation   total 244288K, used 212114K [0x00000000d5550000, 0x00000000e43e0000, 0x0000000100000000)
   the space 244288K,  86% used [0x00000000d5550000, 0x00000000e2474a38, 0x00000000e2474c00, 0x00000000e43e0000)
 Metaspace       used 96217K, capacity 98335K, committed 104024K, reserved 1140736K
  class space    used 12105K, capacity 12438K, committed 13400K, reserved 1048576K
}
Event: 1064.741 GC heap before
{Heap before GC invocations=4456 (full 28):
 def new generation   total 110016K, used 98618K [0x00000000c0000000, 0x00000000c7750000, 0x00000000d5550000)
  eden space 97856K, 100% used [0x00000000c0000000, 0x00000000c5f90000, 0x00000000c5f90000)
  from space 12160K,   6% used [0x00000000c6b70000, 0x00000000c6c2e8b8, 0x00000000c7750000)
  to   space 12160K,   0% used [0x00000000c5f90000, 0x00000000c5f90000, 0x00000000c6b70000)
 tenured generation   total 244288K, used 212114K [0x00000000d5550000, 0x00000000e43e0000, 0x0000000100000000)
   the space 244288K,  86% used [0x00000000d5550000, 0x00000000e2474a38, 0x00000000e2474c00, 0x00000000e43e0000)
 Metaspace       used 96217K, capacity 98335K, committed 104024K, reserved 1140736K
  class space    used 12105K, capacity 12438K, committed 13400K, reserved 1048576K
Event: 1064.745 GC heap after
Heap after GC invocations=4457 (full 28):
 def new generation   total 110016K, used 1129K [0x00000000c0000000, 0x00000000c7750000, 0x00000000d5550000)
  eden space 97856K,   0% used [0x00000000c0000000, 0x00000000c0000000, 0x00000000c5f90000)
  from space 12160K,   9% used [0x00000000c5f90000, 0x00000000c60aa468, 0x00000000c6b70000)
  to   space 12160K,   0% used [0x00000000c6b70000, 0x00000000c6b70000, 0x00000000c7750000)
 tenured generation   total 244288K, used 212114K [0x00000000d5550000, 0x00000000e43e0000, 0x0000000100000000)
   the space 244288K,  86% used [0x00000000d5550000, 0x00000000e2474a38, 0x00000000e2474c00, 0x00000000e43e0000)
 Metaspace       used 96217K, capacity 98335K, committed 104024K, reserved 1140736K
  class space    used 12105K, capacity 12438K, committed 13400K, reserved 1048576K
}
Event: 1064.838 GC heap before
{Heap before GC invocations=4457 (full 28):
 def new generation   total 110016K, used 98985K [0x00000000c0000000, 0x00000000c7750000, 0x00000000d5550000)
  eden space 97856K, 100% used [0x00000000c0000000, 0x00000000c5f90000, 0x00000000c5f90000)
  from space 12160K,   9% used [0x00000000c5f90000, 0x00000000c60aa468, 0x00000000c6b70000)
  to   space 12160K,   0% used [0x00000000c6b70000, 0x00000000c6b70000, 0x00000000c7750000)
 tenured generation   total 244288K, used 212114K [0x00000000d5550000, 0x00000000e43e0000, 0x0000000100000000)
   the space 244288K,  86% used [0x00000000d5550000, 0x00000000e2474a38, 0x00000000e2474c00, 0x00000000e43e0000)
 Metaspace       used 96217K, capacity 98335K, committed 104024K, reserved 1140736K
  class space    used 12105K, capacity 12438K, committed 13400K, reserved 1048576K
Event: 1064.843 GC heap after
Heap after GC invocations=4458 (full 28):
 def new generation   total 110016K, used 1495K [0x00000000c0000000, 0x00000000c7750000, 0x00000000d5550000)
  eden space 97856K,   0% used [0x00000000c0000000, 0x00000000c0000000, 0x00000000c5f90000)
  from space 12160K,  12% used [0x00000000c6b70000, 0x00000000c6ce5d70, 0x00000000c7750000)
  to   space 12160K,   0% used [0x00000000c5f90000, 0x00000000c5f90000, 0x00000000c6b70000)
 tenured generation   total 244288K, used 212114K [0x00000000d5550000, 0x00000000e43e0000, 0x0000000100000000)
   the space 244288K,  86% used [0x00000000d5550000, 0x00000000e2474a38, 0x00000000e2474c00, 0x00000000e43e0000)
 Metaspace       used 96217K, capacity 98335K, committed 104024K, reserved 1140736K
  class space    used 12105K, capacity 12438K, committed 13400K, reserved 1048576K
}
Event: 1065.054 GC heap before
{Heap before GC invocations=4458 (full 28):
 def new generation   total 110016K, used 97470K [0x00000000c0000000, 0x00000000c7750000, 0x00000000d5550000)
  eden space 97856K,  98% used [0x00000000c0000000, 0x00000000c5db9dc8, 0x00000000c5f90000)
  from space 12160K,  12% used [0x00000000c6b70000, 0x00000000c6ce5d70, 0x00000000c7750000)
  to   space 12160K,   0% used [0x00000000c5f90000, 0x00000000c5f90000, 0x00000000c6b70000)
 tenured generation   total 244288K, used 212114K [0x00000000d5550000, 0x00000000e43e0000, 0x0000000100000000)
   the space 244288K,  86% used [0x00000000d5550000, 0x00000000e2474a38, 0x00000000e2474c00, 0x00000000e43e0000)
 Metaspace       used 96240K, capacity 98399K, committed 104024K, reserved 1140736K
  class space    used 12105K, capacity 12438K, committed 13400K, reserved 1048576K
Event: 1065.078 GC heap after
Heap after GC invocations=4459 (full 28):
 def new generation   total 110016K, used 9130K [0x00000000c0000000, 0x00000000c7750000, 0x00000000d5550000)
  eden space 97856K,   0% used [0x00000000c0000000, 0x00000000c0000000, 0x00000000c5f90000)
  from space 12160K,  75% used [0x00000000c5f90000, 0x00000000c687a910, 0x00000000c6b70000)
  to   space 12160K,   0% used [0x00000000c6b70000, 0x00000000c6b70000, 0x00000000c7750000)
 tenured generation   total 244288K, used 212114K [0x00000000d5550000, 0x00000000e43e0000, 0x0000000100000000)
   the space 244288K,  86% used [0x00000000d5550000, 0x00000000e2474a38, 0x00000000e2474c00, 0x00000000e43e0000)
 Metaspace       used 96240K, capacity 98399K, committed 104024K, reserved 1140736K
  class space    used 12105K, capacity 12438K, committed 13400K, reserved 1048576K
}
Event: 1065.332 GC heap before
{Heap before GC invocations=4459 (full 28):
 def new generation   total 110016K, used 106986K [0x00000000c0000000, 0x00000000c7750000, 0x00000000d5550000)
  eden space 97856K, 100% used [0x00000000c0000000, 0x00000000c5f90000, 0x00000000c5f90000)
  from space 12160K,  75% used [0x00000000c5f90000, 0x00000000c687a910, 0x00000000c6b70000)
  to   space 12160K,   0% used [0x00000000c6b70000, 0x00000000c6b70000, 0x00000000c7750000)
 tenured generation   total 244288K, used 212114K [0x00000000d5550000, 0x00000000e43e0000, 0x0000000100000000)
   the space 244288K,  86% used [0x00000000d5550000, 0x00000000e2474a38, 0x00000000e2474c00, 0x00000000e43e0000)
 Metaspace       used 96244K, capacity 98405K, committed 104024K, reserved 1140736K
  class space    used 12106K, capacity 12439K, committed 13400K, reserved 1048576K
Event: 1065.349 GC heap after
Heap after GC invocations=4460 (full 28):
 def new generation   total 110016K, used 6902K [0x00000000c0000000, 0x00000000c7750000, 0x00000000d5550000)
  eden space 97856K,   0% used [0x00000000c0000000, 0x00000000c0000000, 0x00000000c5f90000)
  from space 12160K,  56% used [0x00000000c6b70000, 0x00000000c722db58, 0x00000000c7750000)
  to   space 12160K,   0% used [0x00000000c5f90000, 0x00000000c5f90000, 0x00000000c6b70000)
 tenured generation   total 244288K, used 221170K [0x00000000d5550000, 0x00000000e43e0000, 0x0000000100000000)
   the space 244288K,  90% used [0x00000000d5550000, 0x00000000e2d4cb98, 0x00000000e2d4cc00, 0x00000000e43e0000)
 Metaspace       used 96244K, capacity 98405K, committed 104024K, reserved 1140736K
  class space    used 12106K, capacity 12439K, committed 13400K, reserved 1048576K
}
Event: 1065.597 GC heap before
{Heap before GC invocations=4460 (full 28):
 def new generation   total 110016K, used 104758K [0x00000000c0000000, 0x00000000c7750000, 0x00000000d5550000)
  eden space 97856K, 100% used [0x00000000c0000000, 0x00000000c5f90000, 0x00000000c5f90000)
  from space 12160K,  56% used [0x00000000c6b70000, 0x00000000c722db58, 0x00000000c7750000)
  to   space 12160K,   0% used [0x00000000c5f90000, 0x00000000c5f90000, 0x00000000c6b70000)
 tenured generation   total 244288K, used 221170K [0x00000000d5550000, 0x00000000e43e0000, 0x0000000100000000)
   the space 244288K,  90% used [0x00000000d5550000, 0x00000000e2d4cb98, 0x00000000e2d4cc00, 0x00000000e43e0000)
 Metaspace       used 96244K, capacity 98405K, committed 104024K, reserved 1140736K
  class space    used 12106K, capacity 12439K, committed 13400K, reserved 1048576K

Deoptimization events (10 events):
Event: 1055.529 Thread 0x0000000001bbd000 Uncommon trap: reason=class_check action=maybe_recompile pc=0x00007fb5aeb20e68 method=java.nio.HeapByteBuffer.put(Ljava/nio/ByteBuffer;)Ljava/nio/ByteBuffer; @ 1
Event: 1055.529 Thread 0x0000000001bbd000 Uncommon trap: reason=class_check action=maybe_recompile pc=0x00007fb5aeb20e68 method=java.nio.HeapByteBuffer.put(Ljava/nio/ByteBuffer;)Ljava/nio/ByteBuffer; @ 1
Event: 1055.554 Thread 0x00007fb59c5be800 Uncommon trap: reason=uninitialized action=reinterpret pc=0x00007fb5afeca078 method=org.apache.spark.storage.BlockManagerMasterEndpoint$$anonfun$receiveAndReply$1.applyOrElse(Ljava/lang/Object;Lscala/Function1;)Ljava/lang/Object; @ 700
Event: 1055.560 Thread 0x00007fb59c5be000 Uncommon trap: reason=bimorphic action=maybe_recompile pc=0x00007fb5adedf88c method=java.util.HashMap.removeNode(ILjava/lang/Object;Ljava/lang/Object;ZZ)Ljava/util/HashMap$Node; @ 68
Event: 1055.560 Thread 0x00007fb59c5be000 Uncommon trap: reason=bimorphic action=maybe_recompile pc=0x00007fb5adedf88c method=java.util.HashMap.removeNode(ILjava/lang/Object;Ljava/lang/Object;ZZ)Ljava/util/HashMap$Node; @ 68
Event: 1057.839 Thread 0x00007fb5a80d5000 Uncommon trap: reason=bimorphic action=maybe_recompile pc=0x00007fb5ae4db760 method=scala.util.Random.shuffle(Lscala/collection/TraversableOnce;Lscala/collection/generic/CanBuildFrom;)Lscala/collection/TraversableOnce; @ 99
Event: 1057.886 Thread 0x00007fb59c5be000 Uncommon trap: reason=bimorphic action=maybe_recompile pc=0x00007fb5adedf88c method=java.util.HashMap.removeNode(ILjava/lang/Object;Ljava/lang/Object;ZZ)Ljava/util/HashMap$Node; @ 68
Event: 1057.886 Thread 0x00007fb59c5be000 Uncommon trap: reason=bimorphic action=maybe_recompile pc=0x00007fb5adedf88c method=java.util.HashMap.removeNode(ILjava/lang/Object;Ljava/lang/Object;ZZ)Ljava/util/HashMap$Node; @ 68
Event: 1064.923 Thread 0x00007fb5a80d5000 Uncommon trap: reason=bimorphic action=maybe_recompile pc=0x00007fb5ae4db760 method=scala.util.Random.shuffle(Lscala/collection/TraversableOnce;Lscala/collection/generic/CanBuildFrom;)Lscala/collection/TraversableOnce; @ 99
Event: 1064.968 Thread 0x00007fb59c5be000 Uncommon trap: reason=bimorphic action=maybe_recompile pc=0x00007fb5afe39d30 method=java.util.HashMap.removeNode(ILjava/lang/Object;Ljava/lang/Object;ZZ)Ljava/util/HashMap$Node; @ 68

Classes redefined (0 events):
No events

Internal exceptions (10 events):
Event: 550.942 Thread 0x00007fb5a81d6800 Implicit null exception at 0x00007fb5af26b437 to 0x00007fb5af26b629
Event: 874.717 Thread 0x00007fb5a004a000 Implicit null exception at 0x00007fb5afb77c72 to 0x00007fb5afb78afd
Event: 874.717 Thread 0x00007fb5a004a000 Implicit null exception at 0x00007fb5ad75090e to 0x00007fb5ad7516f5
Event: 875.741 Thread 0x00007fb5904eb800 Exception <a 'java/lang/NoSuchMethodError': <clinit>> (0x00000000c3473ef8) thrown at [/build/openjdk-8-g3XteX/openjdk-8-8u222-b10/src/hotspot/src/share/vm/prims/jni.cpp, line 1615]
Event: 1055.326 Thread 0x00007fb5a81f6800 Exception <a 'java/lang/NoSuchMethodError': <clinit>> (0x00000000c0b70168) thrown at [/build/openjdk-8-g3XteX/openjdk-8-8u222-b10/src/hotspot/src/share/vm/prims/jni.cpp, line 1615]
Event: 1055.326 Thread 0x00007fb5a81f6800 Exception <a 'java/lang/NoSuchMethodError': <clinit>> (0x00000000c0f7ed88) thrown at [/build/openjdk-8-g3XteX/openjdk-8-8u222-b10/src/hotspot/src/share/vm/prims/jni.cpp, line 1615]
Event: 1055.326 Thread 0x00007fb5a8130000 Implicit null exception at 0x00007fb5ad1635bf to 0x00007fb5ad163d09
Event: 1055.333 Thread 0x00007fb5a8130000 Implicit null exception at 0x00007fb5ae06a43e to 0x00007fb5ae06b649
Event: 1055.386 Thread 0x0000000001bbd000 Implicit null exception at 0x00007fb5adf3ce40 to 0x00007fb5adf3d2d9
Event: 1055.386 Thread 0x0000000001bbd000 Implicit null exception at 0x00007fb5af85fff6 to 0x00007fb5af862e09

Events (10 events):
Event: 1064.946 Thread 0x00007fb5bc0b8000 flushing nmethod 0x00007fb5aee30390
Event: 1064.953 Thread 0x00007fb5bc0b8000 flushing nmethod 0x00007fb5af821a90
Event: 1064.968 Thread 0x00007fb59c5be000 Uncommon trap: trap_request=0xffffffc6 fr.pc=0x00007fb5afe39d30
Event: 1064.968 Thread 0x00007fb59c5be000 DEOPT PACKING pc=0x00007fb5afe39d30 sp=0x00007fb58b81c190
Event: 1064.968 Thread 0x00007fb59c5be000 DEOPT UNPACKING pc=0x00007fb5ad04547a sp=0x00007fb58b81c140 mode 2
Event: 1065.054 Executing VM operation: GenCollectForAllocation
Event: 1065.078 Executing VM operation: GenCollectForAllocation done
Event: 1065.332 Executing VM operation: GenCollectForAllocation
Event: 1065.349 Executing VM operation: GenCollectForAllocation done
Event: 1065.595 Executing VM operation: GenCollectForAllocation


Dynamic libraries:
00400000-00401000 r-xp 00000000 ca:01 286273                             /usr/lib/jvm/java-8-openjdk-amd64/jre/bin/java
00600000-00601000 r--p 00000000 ca:01 286273                             /usr/lib/jvm/java-8-openjdk-amd64/jre/bin/java
00601000-00602000 rw-p 00001000 ca:01 286273                             /usr/lib/jvm/java-8-openjdk-amd64/jre/bin/java
01b50000-01bdc000 rw-p 00000000 00:00 0                                  [heap]
c0000000-c7750000 rw-p 00000000 00:00 0 
c7750000-d5550000 ---p 00000000 00:00 0 
d5550000-e47a0000 rw-p 00000000 00:00 0 
e8d80000-100000000 ---p 00000000 00:00 0 
100000000-100d16000 rw-p 00000000 00:00 0 
100d16000-140000000 ---p 00000000 00:00 0 
7fb57c000000-7fb57ce4c000 rw-p 00000000 00:00 0 
7fb57ce4c000-7fb580000000 ---p 00000000 00:00 0 
7fb5812aa000-7fb5832ac000 rw-p 00000000 00:00 0 
7fb5832ac000-7fb5832af000 ---p 00000000 00:00 0 
7fb5832af000-7fb58342d000 rw-p 00000000 00:00 0 
7fb58342d000-7fb5835ad000 ---p 00000000 00:00 0 
7fb5835ad000-7fb5835b0000 ---p 00000000 00:00 0 
7fb5835b0000-7fb5836ae000 rw-p 00000000 00:00 0 
7fb5836ae000-7fb5836b1000 ---p 00000000 00:00 0 
7fb5836b1000-7fb5839af000 rw-p 00000000 00:00 0 
7fb5839af000-7fb583baf000 rw-p 00000000 00:00 0 
7fb583baf000-7fb583daf000 rw-p 00000000 00:00 0 
7fb583daf000-7fb583faf000 rw-p 00000000 00:00 0 
7fb583faf000-7fb5841af000 rw-p 00000000 00:00 0 
7fb5841af000-7fb5841b2000 ---p 00000000 00:00 0 
7fb5841b2000-7fb5842b0000 rw-p 00000000 00:00 0 
7fb5842b0000-7fb5842b3000 ---p 00000000 00:00 0 
7fb5842b3000-7fb5843b1000 rw-p 00000000 00:00 0 
7fb5843b1000-7fb5843b4000 ---p 00000000 00:00 0 
7fb5843b4000-7fb5846b2000 rw-p 00000000 00:00 0 
7fb5846b2000-7fb5846b5000 ---p 00000000 00:00 0 
7fb5846b5000-7fb5847b3000 rw-p 00000000 00:00 0 
7fb5847b3000-7fb5847b6000 ---p 00000000 00:00 0 
7fb5847b6000-7fb584ab4000 rw-p 00000000 00:00 0 
7fb584ab4000-7fb584cb4000 rw-p 00000000 00:00 0 
7fb584cb4000-7fb584eb4000 rw-p 00000000 00:00 0 
7fb584eb4000-7fb5850b4000 rw-p 00000000 00:00 0 
7fb5850b4000-7fb5852b4000 rw-p 00000000 00:00 0 
7fb5852b4000-7fb5854b4000 rw-p 00000000 00:00 0 
7fb5854b4000-7fb5856b4000 rw-p 00000000 00:00 0 
7fb5856b4000-7fb5858b4000 rw-p 00000000 00:00 0 
7fb5858b4000-7fb585ab4000 rw-p 00000000 00:00 0 
7fb585ab4000-7fb585cb4000 rw-p 00000000 00:00 0 
7fb585cb4000-7fb585cb7000 ---p 00000000 00:00 0 
7fb585cb7000-7fb585fb5000 rw-p 00000000 00:00 0 
7fb585fb5000-7fb5861b5000 rw-p 00000000 00:00 0 
7fb5861b5000-7fb5863b5000 rw-p 00000000 00:00 0 
7fb5863b5000-7fb5865b5000 rw-p 00000000 00:00 0 
7fb5865b5000-7fb5867b5000 rw-p 00000000 00:00 0 
7fb5867b5000-7fb5869b5000 rw-p 00000000 00:00 0 
7fb5869b5000-7fb586bb5000 rw-p 00000000 00:00 0 
7fb586bb5000-7fb586db5000 rw-p 00000000 00:00 0 
7fb586db5000-7fb586fb5000 rw-p 00000000 00:00 0 
7fb586fb5000-7fb5871b5000 rw-p 00000000 00:00 0 
7fb5871b5000-7fb5871b8000 ---p 00000000 00:00 0 
7fb5871b8000-7fb5872b6000 rw-p 00000000 00:00 0 
7fb5872b6000-7fb5872b9000 ---p 00000000 00:00 0 
7fb5872b9000-7fb5873b7000 rw-p 00000000 00:00 0 
7fb5873b7000-7fb5873ba000 ---p 00000000 00:00 0 
7fb5873ba000-7fb5874b8000 rw-p 00000000 00:00 0 
7fb5874b8000-7fb5874bb000 ---p 00000000 00:00 0 
7fb5874bb000-7fb5875b9000 rw-p 00000000 00:00 0 
7fb5875b9000-7fb5875bc000 ---p 00000000 00:00 0 
7fb5875bc000-7fb5876ba000 rw-p 00000000 00:00 0 
7fb5876ba000-7fb5876bd000 ---p 00000000 00:00 0 
7fb5876bd000-7fb5879bb000 rw-p 00000000 00:00 0 
7fb5879bb000-7fb5879be000 ---p 00000000 00:00 0 
7fb5879be000-7fb587abc000 rw-p 00000000 00:00 0 
7fb587abc000-7fb587abf000 ---p 00000000 00:00 0 
7fb587abf000-7fb587dbd000 rw-p 00000000 00:00 0 
7fb587dbd000-7fb587dca000 r-xp 00000000 ca:01 16346                      /tmp/liblz4-java4044622085407676537.so
7fb587dca000-7fb587fc9000 ---p 0000d000 ca:01 16346                      /tmp/liblz4-java4044622085407676537.so
7fb587fc9000-7fb587fca000 rw-p 0000c000 ca:01 16346                      /tmp/liblz4-java4044622085407676537.so
7fb587fca000-7fb5881ca000 rw-p 00000000 00:00 0 
7fb5881ca000-7fb5883ca000 rw-p 00000000 00:00 0 
7fb5883ca000-7fb5883cd000 ---p 00000000 00:00 0 
7fb5883cd000-7fb5886cb000 rw-p 00000000 00:00 0 
7fb5886cb000-7fb5888cb000 rw-p 00000000 00:00 0 
7fb5888cb000-7fb5888ce000 ---p 00000000 00:00 0 
7fb5888ce000-7fb5889cc000 rw-p 00000000 00:00 0 
7fb5889cc000-7fb5889cf000 ---p 00000000 00:00 0 
7fb5889cf000-7fb588acd000 rw-p 00000000 00:00 0 
7fb588acd000-7fb588ad0000 ---p 00000000 00:00 0 
7fb588ad0000-7fb588dce000 rw-p 00000000 00:00 0 
7fb588dce000-7fb588dd1000 ---p 00000000 00:00 0 
7fb588dd1000-7fb588ecf000 rw-p 00000000 00:00 0 
7fb588ecf000-7fb588ed2000 ---p 00000000 00:00 0 
7fb588ed2000-7fb588fd0000 rw-p 00000000 00:00 0 
7fb588fd0000-7fb588fd3000 ---p 00000000 00:00 0 
7fb588fd3000-7fb5890d1000 rw-p 00000000 00:00 0 
7fb5890d1000-7fb5890d4000 ---p 00000000 00:00 0 
7fb5890d4000-7fb5891d2000 rw-p 00000000 00:00 0 
7fb5891d2000-7fb5891d5000 ---p 00000000 00:00 0 
7fb5891d5000-7fb5892d3000 rw-p 00000000 00:00 0 
7fb5892d3000-7fb5892d6000 ---p 00000000 00:00 0 
7fb5892d6000-7fb5893d4000 rw-p 00000000 00:00 0 
7fb5893d4000-7fb5893d7000 ---p 00000000 00:00 0 
7fb5893d7000-7fb5894d5000 rw-p 00000000 00:00 0 
7fb5894d5000-7fb5894d8000 ---p 00000000 00:00 0 
7fb5894d8000-7fb5895d6000 rw-p 00000000 00:00 0 
7fb5895d6000-7fb5895d9000 ---p 00000000 00:00 0 
7fb5895d9000-7fb5896d7000 rw-p 00000000 00:00 0 
7fb5896d7000-7fb5896da000 ---p 00000000 00:00 0 
7fb5896da000-7fb5897d8000 rw-p 00000000 00:00 0 
7fb5897d8000-7fb5897db000 ---p 00000000 00:00 0 
7fb5897db000-7fb5898d9000 rw-p 00000000 00:00 0 
7fb5898d9000-7fb5898dc000 ---p 00000000 00:00 0 
7fb5898dc000-7fb5899da000 rw-p 00000000 00:00 0 
7fb5899da000-7fb5899dd000 ---p 00000000 00:00 0 
7fb5899dd000-7fb589adb000 rw-p 00000000 00:00 0 
7fb589adb000-7fb589ade000 ---p 00000000 00:00 0 
7fb589ade000-7fb589ddc000 rw-p 00000000 00:00 0 
7fb589ddc000-7fb589ddf000 ---p 00000000 00:00 0 
7fb589ddf000-7fb58a0dd000 rw-p 00000000 00:00 0 
7fb58a0dd000-7fb58a0e0000 ---p 00000000 00:00 0 
7fb58a0e0000-7fb58a1de000 rw-p 00000000 00:00 0 
7fb58a1de000-7fb58a1e1000 ---p 00000000 00:00 0 
7fb58a1e1000-7fb58a2df000 rw-p 00000000 00:00 0 
7fb58a2df000-7fb58a2e2000 ---p 00000000 00:00 0 
7fb58a2e2000-7fb58a3e0000 rw-p 00000000 00:00 0 
7fb58a3e0000-7fb58a3e3000 ---p 00000000 00:00 0 
7fb58a3e3000-7fb58a4e1000 rw-p 00000000 00:00 0 
7fb58a4e1000-7fb58a4e4000 ---p 00000000 00:00 0 
7fb58a4e4000-7fb58a5e2000 rw-p 00000000 00:00 0 
7fb58a5e2000-7fb58a5e5000 ---p 00000000 00:00 0 
7fb58a5e5000-7fb58a6e3000 rw-p 00000000 00:00 0 
7fb58a6e3000-7fb58a6e6000 ---p 00000000 00:00 0 
7fb58a6e6000-7fb58a7e4000 rw-p 00000000 00:00 0 
7fb58a7e4000-7fb58a7e7000 ---p 00000000 00:00 0 
7fb58a7e7000-7fb58a8e5000 rw-p 00000000 00:00 0 
7fb58a8e5000-7fb58a8e8000 ---p 00000000 00:00 0 
7fb58a8e8000-7fb58a9e6000 rw-p 00000000 00:00 0 
7fb58a9e6000-7fb58a9f7000 r-xp 00000000 ca:01 286360                     /usr/lib/jvm/java-8-openjdk-amd64/jre/lib/amd64/libnio.so
7fb58a9f7000-7fb58abf6000 ---p 00011000 ca:01 286360                     /usr/lib/jvm/java-8-openjdk-amd64/jre/lib/amd64/libnio.so
7fb58abf6000-7fb58abf7000 r--p 00010000 ca:01 286360                     /usr/lib/jvm/java-8-openjdk-amd64/jre/lib/amd64/libnio.so
7fb58abf7000-7fb58abf8000 rw-p 00011000 ca:01 286360                     /usr/lib/jvm/java-8-openjdk-amd64/jre/lib/amd64/libnio.so
7fb58abf8000-7fb58adf8000 rw-p 00000000 00:00 0 
7fb58adf8000-7fb58adfb000 ---p 00000000 00:00 0 
7fb58adfb000-7fb58b0f9000 rw-p 00000000 00:00 0 
7fb58b0f9000-7fb58b110000 r-xp 00000000 ca:01 1984                       /lib/x86_64-linux-gnu/libresolv-2.23.so
7fb58b110000-7fb58b310000 ---p 00017000 ca:01 1984                       /lib/x86_64-linux-gnu/libresolv-2.23.so
7fb58b310000-7fb58b311000 r--p 00017000 ca:01 1984                       /lib/x86_64-linux-gnu/libresolv-2.23.so
7fb58b311000-7fb58b312000 rw-p 00018000 ca:01 1984                       /lib/x86_64-linux-gnu/libresolv-2.23.so
7fb58b312000-7fb58b314000 rw-p 00000000 00:00 0 
7fb58b314000-7fb58b319000 r-xp 00000000 ca:01 1990                       /lib/x86_64-linux-gnu/libnss_dns-2.23.so
7fb58b319000-7fb58b519000 ---p 00005000 ca:01 1990                       /lib/x86_64-linux-gnu/libnss_dns-2.23.so
7fb58b519000-7fb58b51a000 r--p 00005000 ca:01 1990                       /lib/x86_64-linux-gnu/libnss_dns-2.23.so
7fb58b51a000-7fb58b51b000 rw-p 00006000 ca:01 1990                       /lib/x86_64-linux-gnu/libnss_dns-2.23.so
7fb58b51b000-7fb58b51c000 r-xp 00000000 ca:01 286366                     /usr/lib/jvm/java-8-openjdk-amd64/jre/lib/amd64/libjaas_unix.so
7fb58b51c000-7fb58b71b000 ---p 00001000 ca:01 286366                     /usr/lib/jvm/java-8-openjdk-amd64/jre/lib/amd64/libjaas_unix.so
7fb58b71b000-7fb58b71c000 r--p 00000000 ca:01 286366                     /usr/lib/jvm/java-8-openjdk-amd64/jre/lib/amd64/libjaas_unix.so
7fb58b71c000-7fb58b71d000 rw-p 00001000 ca:01 286366                     /usr/lib/jvm/java-8-openjdk-amd64/jre/lib/amd64/libjaas_unix.so
7fb58b71d000-7fb58b720000 ---p 00000000 00:00 0 
7fb58b720000-7fb58b81e000 rw-p 00000000 00:00 0 
7fb58b81e000-7fb58b821000 ---p 00000000 00:00 0 
7fb58b821000-7fb58ba57000 rw-p 00000000 00:00 0 
7fb58ba57000-7fb58bc57000 rw-p 00000000 00:00 0 
7fb58bc57000-7fb58bc60000 r-xp 00000000 ca:01 286338                     /usr/lib/jvm/java-8-openjdk-amd64/jre/lib/amd64/libmanagement.so
7fb58bc60000-7fb58be5f000 ---p 00009000 ca:01 286338                     /usr/lib/jvm/java-8-openjdk-amd64/jre/lib/amd64/libmanagement.so
7fb58be5f000-7fb58be60000 r--p 00008000 ca:01 286338                     /usr/lib/jvm/java-8-openjdk-amd64/jre/lib/amd64/libmanagement.so
7fb58be60000-7fb58be61000 rw-p 00009000 ca:01 286338                     /usr/lib/jvm/java-8-openjdk-amd64/jre/lib/amd64/libmanagement.so
7fb58be61000-7fb58be64000 ---p 00000000 00:00 0 
7fb58be64000-7fb58bf62000 rw-p 00000000 00:00 0 
7fb58bf62000-7fb58bf65000 ---p 00000000 00:00 0 
7fb58bf65000-7fb58c263000 rw-p 00000000 00:00 0 
7fb58c263000-7fb58c266000 ---p 00000000 00:00 0 
7fb58c266000-7fb58f365000 rw-p 00000000 00:00 0 
7fb58f365000-7fb58f37b000 r-xp 00000000 ca:01 286343                     /usr/lib/jvm/java-8-openjdk-amd64/jre/lib/amd64/libnet.so
7fb58f37b000-7fb58f57b000 ---p 00016000 ca:01 286343                     /usr/lib/jvm/java-8-openjdk-amd64/jre/lib/amd64/libnet.so
7fb58f57b000-7fb58f57c000 r--p 00016000 ca:01 286343                     /usr/lib/jvm/java-8-openjdk-amd64/jre/lib/amd64/libnet.so
7fb58f57c000-7fb58f57d000 rw-p 00017000 ca:01 286343                     /usr/lib/jvm/java-8-openjdk-amd64/jre/lib/amd64/libnet.so
7fb58f57d000-7fb58f57e000 r--s 00009000 ca:01 261845                     /home/ubuntu/spark-2.1.1-bin-hadoop2.7/jars/slf4j-api-1.7.16.jar
7fb58f57e000-7fb58f57f000 r--s 00004000 ca:01 261710                     /home/ubuntu/spark-2.1.1-bin-hadoop2.7/jars/jackson-jaxrs-1.9.13.jar
7fb58f57f000-7fb58f581000 r--s 00012000 ca:01 261803                     /home/ubuntu/spark-2.1.1-bin-hadoop2.7/jars/api-util-1.0.0-M20.jar
7fb58f581000-7fb58f589000 r--s 00066000 ca:01 261732                     /home/ubuntu/spark-2.1.1-bin-hadoop2.7/jars/apache-log4j-extras-1.2.17.jar
7fb58f589000-7fb58f58b000 r--s 00004000 ca:01 261587                     /home/ubuntu/spark-2.1.1-bin-hadoop2.7/jars/stax-api-1.0-2.jar
7fb58f58b000-7fb58f599000 r--s 00078000 ca:01 261756                     /home/ubuntu/spark-2.1.1-bin-hadoop2.7/jars/spark-mesos_2.11-2.1.1.jar
7fb58f5aa000-7fb58f5ac000 r--s 00016000 ca:01 286312                     /usr/lib/jvm/java-8-openjdk-amd64/jre/lib/jce.jar
7fb58f5ac000-7fb58f5b1000 r--s 000a3000 ca:01 286376                     /usr/lib/jvm/java-8-openjdk-amd64/jre/lib/jsse.jar
7fb58f5b1000-7fb58f5c4000 r--s 00346000 ca:01 286377                     /usr/lib/jvm/java-8-openjdk-amd64/jre/lib/resources.jar
7fb58f5c4000-7fb58f5c7000 r--s 00015000 ca:01 261533                     /home/ubuntu/spark-2.1.1-bin-hadoop2.7/jars/javax.servlet-api-3.1.0.jar
7fb58f5c7000-7fb58f5f3000 r--s 001c9000 ca:01 261798                     /home/ubuntu/spark-2.1.1-bin-hadoop2.7/jars/shapeless_2.11-2.0.0.jar
7fb58f5f3000-7fb58f5fe000 r--s 000b0000 ca:01 261731                     /home/ubuntu/spark-2.1.1-bin-hadoop2.7/jars/jtransforms-2.4.0.jar
7fb58f5fe000-7fb58f604000 r--s 00043000 ca:01 261858                     /home/ubuntu/spark-2.1.1-bin-hadoop2.7/jars/commons-configuration-1.6.jar
7fb58f604000-7fb58f608000 r--s 00019000 ca:01 261784                     /home/ubuntu/spark-2.1.1-bin-hadoop2.7/jars/javax.ws.rs-api-2.0.1.jar
7fb58f608000-7fb58f60a000 r--s 00009000 ca:01 261839                     /home/ubuntu/spark-2.1.1-bin-hadoop2.7/jars/commons-cli-1.2.jar
7fb58f60a000-7fb58f614000 r--s 00095000 ca:01 261728                     /home/ubuntu/spark-2.1.1-bin-hadoop2.7/jars/scala-xml_2.11-1.0.2.jar
7fb58f614000-7fb58f619000 r--s 00031000 ca:01 261744                     /home/ubuntu/spark-2.1.1-bin-hadoop2.7/jars/parquet-hadoop-1.8.1.jar
7fb58f619000-7fb58f61d000 r--s 00020000 ca:01 261720                     /home/ubuntu/spark-2.1.1-bin-hadoop2.7/jars/commons-digester-1.8.jar
7fb58f61d000-7fb58f61f000 r--s 00027000 ca:01 261790                     /home/ubuntu/spark-2.1.1-bin-hadoop2.7/jars/core-1.1.2.jar
7fb58f61f000-7fb58f636000 r--s 00183000 ca:01 261753                     /home/ubuntu/spark-2.1.1-bin-hadoop2.7/jars/hadoop-yarn-common-2.7.3.jar
7fb58f636000-7fb58f637000 r--s 00004000 ca:01 261711                     /home/ubuntu/spark-2.1.1-bin-hadoop2.7/jars/eigenbase-properties-1.1.5.jar
7fb58f637000-7fb58f63d000 r--s 00044000 ca:01 261763                     /home/ubuntu/spark-2.1.1-bin-hadoop2.7/jars/antlr4-runtime-4.5.3.jar
7fb58f63d000-7fb58f63f000 r--s 0000b000 ca:01 261840                     /home/ubuntu/spark-2.1.1-bin-hadoop2.7/jars/chill-java-0.8.0.jar
7fb58f63f000-7fb58f649000 r--s 00086000 ca:01 261718                     /home/ubuntu/spark-2.1.1-bin-hadoop2.7/jars/json4s-core_2.11-3.2.11.jar
7fb58f649000-7fb58f64b000 r--s 0000f000 ca:01 261566                     /home/ubuntu/spark-2.1.1-bin-hadoop2.7/jars/activation-1.1.1.jar
7fb58f64b000-7fb58f64f000 r--s 00031000 ca:01 261583                     /home/ubuntu/spark-2.1.1-bin-hadoop2.7/jars/jline-2.12.1.jar
7fb58f64f000-7fb58f655000 r--s 00028000 ca:01 261745                     /home/ubuntu/spark-2.1.1-bin-hadoop2.7/jars/curator-framework-2.6.0.jar
7fb58f655000-7fb58f662000 r--s 000b1000 ca:01 261545                     /home/ubuntu/spark-2.1.1-bin-hadoop2.7/jars/hadoop-mapreduce-client-common-2.7.3.jar
7fb58f662000-7fb58f664000 r--s 00009000 ca:01 261758                     /home/ubuntu/spark-2.1.1-bin-hadoop2.7/jars/jackson-module-paranamer-2.6.5.jar
7fb58f664000-7fb58f692000 r--s 00212000 ca:01 261712                     /home/ubuntu/spark-2.1.1-bin-hadoop2.7/jars/spark-network-common_2.11-2.1.1.jar
7fb58f692000-7fb58f69a000 r--s 0006e000 ca:01 261765                     /home/ubuntu/spark-2.1.1-bin-hadoop2.7/jars/commons-lang3-3.5.jar
7fb58f69a000-7fb58f69b000 r--s 00009000 ca:01 261830                     /home/ubuntu/spark-2.1.1-bin-hadoop2.7/jars/hive-cli-1.2.1.spark2.jar
7fb58f69b000-7fb58f6b1000 r--s 001a4000 ca:01 261613                     /home/ubuntu/spark-2.1.1-bin-hadoop2.7/jars/datanucleus-rdbms-3.2.9.jar
7fb58f6b1000-7fb58f6c2000 r--s 0010d000 ca:01 261714                     /home/ubuntu/spark-2.1.1-bin-hadoop2.7/jars/jackson-databind-2.6.5.jar
7fb58f6c2000-7fb58f6c4000 r--s 0000a000 ca:01 261612                     /home/ubuntu/spark-2.1.1-bin-hadoop2.7/jars/spark-unsafe_2.11-2.1.1.jar
7fb58f6c4000-7fb58f6e8000 r--s 001cd000 ca:01 261855                     /home/ubuntu/spark-2.1.1-bin-hadoop2.7/jars/commons-math3-3.4.1.jar
7fb58f6e8000-7fb58f6ec000 r--s 0002a000 ca:01 261747                     /home/ubuntu/spark-2.1.1-bin-hadoop2.7/jars/commons-io-2.4.jar
7fb58f6ec000-7fb58f6f4000 r--s 00059000 ca:01 261611                     /home/ubuntu/spark-2.1.1-bin-hadoop2.7/jars/javolution-5.5.1.jar
7fb58f6f4000-7fb58f6f5000 r--s 00003000 ca:01 261568                     /home/ubuntu/spark-2.1.1-bin-hadoop2.7/jars/jta-1.1.jar
7fb58f6f5000-7fb58f6f8000 r--s 00009000 ca:01 261751                     /home/ubuntu/spark-2.1.1-bin-hadoop2.7/jars/jackson-annotations-2.6.5.jar
7fb58f6f8000-7fb58f76c000 r--s 00574000 ca:01 261739                     /home/ubuntu/spark-2.1.1-bin-hadoop2.7/jars/spark-mllib_2.11-2.1.1.jar
7fb58f76c000-7fb58f787000 r--s 001d8000 ca:01 261572                     /home/ubuntu/spark-2.1.1-bin-hadoop2.7/jars/jets3t-0.9.3.jar
7fb58f787000-7fb58f812000 r--s 0069e000 ca:01 261713                     /home/ubuntu/spark-2.1.1-bin-hadoop2.7/jars/spark-catalyst_2.11-2.1.1.jar
7fb58f812000-7fb58f817000 r--s 0002a000 ca:01 261576                     /home/ubuntu/spark-2.1.1-bin-hadoop2.7/jars/commons-beanutils-1.7.0.jar
7fb58f817000-7fb58f819000 r--s 00006000 ca:01 261588                     /home/ubuntu/spark-2.1.1-bin-hadoop2.7/jars/paranamer-2.3.jar
7fb58f819000-7fb58f81d000 r--s 0002c000 ca:01 261748                     /home/ubuntu/spark-2.1.1-bin-hadoop2.7/jars/avro-ipc-1.7.7.jar
7fb58f81d000-7fb58f81e000 r--s 00003000 ca:01 261594                     /home/ubuntu/spark-2.1.1-bin-hadoop2.7/jars/xmlenc-0.52.jar
7fb58f81e000-7fb58f83b000 r--s 001d5000 ca:01 261860                     /home/ubuntu/spark-2.1.1-bin-hadoop2.7/jars/hadoop-yarn-api-2.7.3.jar
7fb58f83b000-7fb58f83c000 r--s 00004000 ca:01 261716                     /home/ubuntu/spark-2.1.1-bin-hadoop2.7/jars/opencsv-2.3.jar
7fb58f83c000-7fb58f840000 r--s 00014000 ca:01 261856                     /home/ubuntu/spark-2.1.1-bin-hadoop2.7/jars/xz-1.0.jar
7fb58f840000-7fb58f843000 r--s 000fd000 ca:01 261604                     /home/ubuntu/spark-2.1.1-bin-hadoop2.7/jars/leveldbjni-all-1.8.jar
7fb58f843000-7fb58f849000 r--s 00063000 ca:01 261849                     /home/ubuntu/spark-2.1.1-bin-hadoop2.7/jars/jodd-core-3.5.2.jar
7fb58f849000-7fb58f84d000 r--s 00030000 ca:01 261532                     /home/ubuntu/spark-2.1.1-bin-hadoop2.7/jars/commons-net-2.2.jar
7fb58f84d000-7fb58f851000 r--s 00028000 ca:01 261608                     /home/ubuntu/spark-2.1.1-bin-hadoop2.7/jars/spark-mllib-local_2.11-2.1.1.jar
7fb58f851000-7fb58f858000 r--s 0007d000 ca:01 261722                     /home/ubuntu/spark-2.1.1-bin-hadoop2.7/jars/jetty-6.1.26.jar
7fb58f858000-7fb58f85b000 r--s 0002f000 ca:01 261546                     /home/ubuntu/spark-2.1.1-bin-hadoop2.7/jars/RoaringBitmap-0.5.11.jar
7fb58f85b000-7fb58f85c000 r--s 00004000 ca:01 261866                     /home/ubuntu/spark-2.1.1-bin-hadoop2.7/jars/osgi-resource-locator-1.0.1.jar
7fb58f85c000-7fb58f87d000 r--s 0019b000 ca:01 261796                     /home/ubuntu/spark-2.1.1-bin-hadoop2.7/jars/spark-hive-thriftserver_2.11-2.1.1.jar
7fb58f87d000-7fb58f882000 r--s 00041000 ca:01 261740                     /home/ubuntu/spark-2.1.1-bin-hadoop2.7/jars/commons-lang-2.6.jar
7fb58f882000-7fb58f884000 r--s 00020000 ca:01 261749                     /home/ubuntu/spark-2.1.1-bin-hadoop2.7/jars/hive-beeline-1.2.1.spark2.jar
7fb58f884000-7fb58f88b000 r--s 00049000 ca:01 261736                     /home/ubuntu/spark-2.1.1-bin-hadoop2.7/jars/httpcore-4.4.4.jar
7fb58f88b000-7fb58f88d000 r--s 00014000 ca:01 261717                     /home/ubuntu/spark-2.1.1-bin-hadoop2.7/jars/spire-macros_2.11-0.7.4.jar
7fb58f88d000-7fb58f88e000 r--s 00001000 ca:01 261621                     /home/ubuntu/spark-2.1.1-bin-hadoop2.7/jars/pmml-schema-1.2.15.jar
7fb58f88e000-7fb58f892000 r--s 00028000 ca:01 261573                     /home/ubuntu/spark-2.1.1-bin-hadoop2.7/jars/jetty-util-6.1.26.jar
7fb58f892000-7fb58f895000 r--s 00006000 ca:01 261721                     /home/ubuntu/spark-2.1.1-bin-hadoop2.7/jars/jsr305-1.3.9.jar
7fb58f895000-7fb58f89c000 r--s 0005d000 ca:01 261793                     /home/ubuntu/spark-2.1.1-bin-hadoop2.7/jars/mx4j-3.0.2.jar
7fb58f89c000-7fb58f89e000 r--s 0000e000 ca:01 261821                     /home/ubuntu/spark-2.1.1-bin-hadoop2.7/jars/guice-servlet-3.0.jar
7fb58f89e000-7fb58f8a6000 r--s 0007b000 ca:01 261737                     /home/ubuntu/spark-2.1.1-bin-hadoop2.7/jars/protobuf-java-2.5.0.jar
7fb58f8a6000-7fb58f8af000 r--s 00062000 ca:01 261580                     /home/ubuntu/spark-2.1.1-bin-hadoop2.7/jars/avro-1.7.7.jar
7fb58f8af000-7fb58f8b1000 r--s 00003000 ca:01 261733                     /home/ubuntu/spark-2.1.1-bin-hadoop2.7/jars/jcl-over-slf4j-1.7.16.jar
7fb58f8b1000-7fb58f981000 r--s 00cf0000 ca:01 261540                     /home/ubuntu/spark-2.1.1-bin-hadoop2.7/jars/breeze_2.11-0.12.jar
7fb58f981000-7fb58f982000 r--s 00002000 ca:01 261619                     /home/ubuntu/spark-2.1.1-bin-hadoop2.7/jars/slf4j-log4j12-1.7.16.jar
7fb58f982000-7fb58f984000 r--s 00006000 ca:01 261578                     /home/ubuntu/spark-2.1.1-bin-hadoop2.7/jars/spark-sketch_2.11-2.1.1.jar
7fb58f984000-7fb58f989000 r--s 00068000 ca:01 261791                     /home/ubuntu/spark-2.1.1-bin-hadoop2.7/jars/antlr-2.7.7.jar
7fb58f989000-7fb58f98b000 r--s 00000000 ca:01 261759                     /home/ubuntu/spark-2.1.1-bin-hadoop2.7/jars/aopalliance-1.0.jar
7fb58f98b000-7fb58f98d000 r--s 00012000 ca:01 261730                     /home/ubuntu/spark-2.1.1-bin-hadoop2.7/jars/compress-lzf-1.0.3.jar
7fb58f98d000-7fb58f99a000 r--s 0009e000 ca:01 261822                     /home/ubuntu/spark-2.1.1-bin-hadoop2.7/jars/spark-graphx_2.11-2.1.1.jar
7fb58f99a000-7fb58f99f000 r--s 00028000 ca:01 261841                     /home/ubuntu/spark-2.1.1-bin-hadoop2.7/jars/avro-mapred-1.7.7-hadoop2.jar
7fb58f99f000-7fb58f9b5000 r--s 00124000 ca:01 261833                     /home/ubuntu/spark-2.1.1-bin-hadoop2.7/jars/ivy-2.4.0.jar
7fb58f9b5000-7fb58f9bd000 r--s 00078000 ca:01 261805                     /home/ubuntu/spark-2.1.1-bin-hadoop2.7/jars/mail-1.4.7.jar
7fb58f9bd000-7fb58f9c2000 r--s 0004e000 ca:01 261582                     /home/ubuntu/spark-2.1.1-bin-hadoop2.7/jars/datanucleus-api-jdo-3.2.6.jar
7fb58f9c2000-7fb58fa9a000 r--s 00a88000 ca:01 261543                     /home/ubuntu/spark-2.1.1-bin-hadoop2.7/jars/spark-core_2.11-2.1.1.jar
7fb58fa9a000-7fb58fab2000 r--s 001b6000 ca:01 261569                     /home/ubuntu/spark-2.1.1-bin-hadoop2.7/jars/datanucleus-core-3.2.10.jar
7fb58fab2000-7fb58fac6000 r--s 000ec000 ca:01 261539                     /home/ubuntu/spark-2.1.1-bin-hadoop2.7/jars/parquet-jackson-1.8.1.jar
7fb58fac6000-7fb58fac8000 r--s 0000e000 ca:01 261785                     /home/ubuntu/spark-2.1.1-bin-hadoop2.7/jars/hadoop-mapreduce-client-jobclient-2.7.3.jar
7fb58fac8000-7fb58faca000 r--s 0000e000 ca:01 261536                     /home/ubuntu/spark-2.1.1-bin-hadoop2.7/jars/oro-2.0.8.jar
7fb58faca000-7fb58facc000 r--s 00003000 ca:01 261826                     /home/ubuntu/spark-2.1.1-bin-hadoop2.7/jars/JavaEWAH-0.3.2.jar
7fb58facc000-7fb58face000 r--s 0000f000 ca:01 261757                     /home/ubuntu/spark-2.1.1-bin-hadoop2.7/jars/spark-launcher_2.11-2.1.1.jar
7fb58face000-7fb58faf0000 r--s 00335000 ca:01 261750                     /home/ubuntu/spark-2.1.1-bin-hadoop2.7/jars/mesos-1.0.0-shaded-protobuf.jar
7fb58faf0000-7fb58faf1000 r--s 00001000 ca:01 261610                     /home/ubuntu/spark-2.1.1-bin-hadoop2.7/jars/minlog-1.3.0.jar
7fb58faf1000-7fb58faf4000 r--s 0001a000 ca:01 261834                     /home/ubuntu/spark-2.1.1-bin-hadoop2.7/jars/py4j-0.10.4.jar
7fb58faf4000-7fb58faf5000 r--s 00009000 ca:01 261601                     /home/ubuntu/spark-2.1.1-bin-hadoop2.7/jars/json4s-jackson_2.11-3.2.11.jar
7fb58faf5000-7fb58faf7000 r--s 0000d000 ca:01 261725                     /home/ubuntu/spark-2.1.1-bin-hadoop2.7/jars/hadoop-yarn-server-web-proxy-2.7.3.jar
7fb58faf7000-7fb58fb5a000 r--s 004de000 ca:01 261719                     /home/ubuntu/spark-2.1.1-bin-hadoop2.7/jars/hive-metastore-1.2.1.spark2.jar
7fb58fb5a000-7fb58fb61000 r--s 00039000 ca:01 261727                     /home/ubuntu/spark-2.1.1-bin-hadoop2.7/jars/calcite-avatica-1.2.0-incubating.jar
7fb58fb61000-7fb58fb68000 r--s 0003f000 ca:01 261603                     /home/ubuntu/spark-2.1.1-bin-hadoop2.7/jars/commons-codec-1.10.jar
7fb58fb68000-7fb58fb6a000 r--s 00100000 ca:01 261842                     /home/ubuntu/spark-2.1.1-bin-hadoop2.7/jars/snappy-java-1.1.2.6.jar
7fb58fb6a000-7fb58fb6e000 r--s 00029000 ca:01 261591                     /home/ubuntu/spark-2.1.1-bin-hadoop2.7/jars/hk2-locator-2.4.0-b34.jar
7fb58fb6e000-7fb58fb71000 r--s 0000d000 ca:01 261742                     /home/ubuntu/spark-2.1.1-bin-hadoop2.7/jars/spark-network-shuffle_2.11-2.1.1.jar
7fb58fb71000-7fb58fb72000 r--s 00006000 ca:01 261788                     /home/ubuntu/spark-2.1.1-bin-hadoop2.7/jars/jackson-xc-1.9.13.jar
7fb58fb72000-7fb58fb88000 r--s 000d1000 ca:01 261585                     /home/ubuntu/spark-2.1.1-bin-hadoop2.7/jars/parquet-column-1.8.1.jar
7fb58fb88000-7fb58fbad000 rw-p 00000000 00:00 0 
7fb58fbad000-7fb58fcb9000 r--s 00dba000 ca:01 261859                     /home/ubuntu/spark-2.1.1-bin-hadoop2.7/jars/scala-compiler-2.11.8.jar
7fb58fcb9000-7fb58fcba000 r--s 00002000 ca:01 261764                     /home/ubuntu/spark-2.1.1-bin-hadoop2.7/jars/jpam-1.1.jar
7fb58fcba000-7fb58fcc9000 r--s 0009f000 ca:01 261734                     /home/ubuntu/spark-2.1.1-bin-hadoop2.7/jars/guice-3.0.jar
7fb58fcc9000-7fb58fce2000 r--s 00150000 ca:01 261626                     /home/ubuntu/spark-2.1.1-bin-hadoop2.7/jars/htrace-core-3.1.0-incubating.jar
7fb58fce2000-7fb58fcf8000 r--s 000d3000 ca:01 261625                     /home/ubuntu/spark-2.1.1-bin-hadoop2.7/jars/jersey-server-2.22.2.jar
7fb58fcf8000-7fb58fcfa000 r--s 00008000 ca:01 261581                     /home/ubuntu/spark-2.1.1-bin-hadoop2.7/jars/parquet-common-1.8.1.jar
7fb58fcfa000-7fb58fcfc000 r--s 00002000 ca:01 261606                     /home/ubuntu/spark-2.1.1-bin-hadoop2.7/jars/aopalliance-repackaged-2.4.0-b34.jar
7fb58fcfc000-7fb58fd00000 r--s 0003c000 ca:01 261854                     /home/ubuntu/spark-2.1.1-bin-hadoop2.7/jars/jackson-core-2.6.5.jar
7fb58fd00000-7fb58fd0b000 r--s 00062000 ca:01 261729                     /home/ubuntu/spark-2.1.1-bin-hadoop2.7/jars/calcite-linq4j-1.2.0-incubating.jar
7fb58fd0b000-7fb58fd41000 r--s 0031c000 ca:01 261565                     /home/ubuntu/spark-2.1.1-bin-hadoop2.7/jars/hadoop-common-2.7.3.jar
7fb58fd41000-7fb58fd45000 r--s 0001a000 ca:01 261579                     /home/ubuntu/spark-2.1.1-bin-hadoop2.7/jars/hk2-utils-2.4.0-b34.jar
7fb58fd45000-7fb58fd51000 r--s 000b6000 ca:01 261831                     /home/ubuntu/spark-2.1.1-bin-hadoop2.7/jars/zookeeper-3.4.6.jar
7fb58fd51000-7fb58fd57000 r--s 00040000 ca:01 261709                     /home/ubuntu/spark-2.1.1-bin-hadoop2.7/jars/parquet-encoding-1.8.1.jar
7fb58fd57000-7fb58fd5c000 r--s 00036000 ca:01 261574                     /home/ubuntu/spark-2.1.1-bin-hadoop2.7/jars/commons-compress-1.4.1.jar
7fb58fd5c000-7fb58fd89000 r--s 001d4000 ca:01 261863                     /home/ubuntu/spark-2.1.1-bin-hadoop2.7/jars/spark-streaming_2.11-2.1.1.jar
7fb58fd89000-7fb58fd8c000 r--s 00022000 ca:01 261806                     /home/ubuntu/spark-2.1.1-bin-hadoop2.7/jars/stringtemplate-3.2.1.jar
7fb58fd8c000-7fb58fd93000 r--s 00036000 ca:01 261624                     /home/ubuntu/spark-2.1.1-bin-hadoop2.7/jars/curator-recipes-2.6.0.jar
7fb58fd93000-7fb58fd97000 r--s 00029000 ca:01 261548                     /home/ubuntu/spark-2.1.1-bin-hadoop2.7/jars/breeze-macros_2.11-0.12.jar
7fb58fd97000-7fb58fd9b000 r--s 00036000 ca:01 261851                     /home/ubuntu/spark-2.1.1-bin-hadoop2.7/jars/ST4-4.0.4.jar
7fb58fd9b000-7fb58fd9f000 r--s 00018000 ca:01 261584                     /home/ubuntu/spark-2.1.1-bin-hadoop2.7/jars/metrics-core-3.1.2.jar
7fb58fd9f000-7fb58fdad000 r--s 000b1000 ca:01 261754                     /home/ubuntu/spark-2.1.1-bin-hadoop2.7/jars/jackson-mapper-asl-1.9.13.jar
7fb58fdad000-7fb58fdbd000 r--s 000a0000 ca:01 261599                     /home/ubuntu/spark-2.1.1-bin-hadoop2.7/jars/spark-yarn_2.11-2.1.1.jar
7fb58fdbd000-7fb58fdcf000 r--s 00097000 ca:01 261804                     /home/ubuntu/spark-2.1.1-bin-hadoop2.7/jars/apacheds-kerberos-codec-2.0.0-M15.jar
7fb58fdcf000-7fb58fdd2000 r--s 00017000 ca:01 261800                     /home/ubuntu/spark-2.1.1-bin-hadoop2.7/jars/jaxb-api-2.2.2.jar
7fb58fdd2000-7fb58fdd4000 r--s 00009000 ca:01 261848                     /home/ubuntu/spark-2.1.1-bin-hadoop2.7/jars/objenesis-2.1.jar
7fb58fdd4000-7fb58fe3f000 r--s 00784000 ca:01 261535                     /home/ubuntu/spark-2.1.1-bin-hadoop2.7/jars/hadoop-hdfs-2.7.3.jar
7fb58fe3f000-7fb58fe41000 r--s 00010000 ca:01 261752                     /home/ubuntu/spark-2.1.1-bin-hadoop2.7/jars/jersey-media-jaxb-2.22.2.jar
7fb58fe41000-7fb58fe4e000 r--s 00083000 ca:01 261598                     /home/ubuntu/spark-2.1.1-bin-hadoop2.7/jars/commons-collections-3.2.2.jar
7fb58fe4e000-7fb58fe55000 r--s 00051000 ca:01 261542                     /home/ubuntu/spark-2.1.1-bin-hadoop2.7/jars/kryo-shaded-3.0.3.jar
7fb58fe55000-7fb58fe8c000 r--s 00325000 ca:01 261802                     /home/ubuntu/spark-2.1.1-bin-hadoop2.7/jars/calcite-core-1.2.0-incubating.jar
7fb58fe8c000-7fb58fe8f000 r--s 00012000 ca:01 261602                     /home/ubuntu/spark-2.1.1-bin-hadoop2.7/jars/json4s-ast_2.11-3.2.11.jar
7fb58fe8f000-7fb58fe91000 r--s 0000e000 ca:01 261794                     /home/ubuntu/spark-2.1.1-bin-hadoop2.7/jars/commons-logging-1.1.3.jar
7fb58fe91000-7fb58ff3a000 r--s 00a4f000 ca:01 261801                     /home/ubuntu/spark-2.1.1-bin-hadoop2.7/jars/hive-exec-1.2.1.spark2.jar
7fb58ff3a000-7fb58ff3d000 r--s 00028000 ca:01 261541                     /home/ubuntu/spark-2.1.1-bin-hadoop2.7/jars/stream-2.7.0.jar
7fb58ff3d000-7fb58ff71000 r--s 00277000 ca:01 261592                     /home/ubuntu/spark-2.1.1-bin-hadoop2.7/jars/parquet-hadoop-bundle-1.6.0.jar
7fb58ff71000-7fb58ff9a000 r--s 001ee000 ca:01 261862                     /home/ubuntu/spark-2.1.1-bin-hadoop2.7/jars/guava-14.0.1.jar
7fb58ff9a000-7fb58ffa7000 r--s 00071000 ca:01 261832                     /home/ubuntu/spark-2.1.1-bin-hadoop2.7/jars/jackson-module-scala_2.11-2.6.5.jar
7fb58ffa7000-7fb590000000 r--s 00522000 ca:01 261865                     /home/ubuntu/spark-2.1.1-bin-hadoop2.7/jars/scala-library-2.11.8.jar
7fb590000000-7fb5933c6000 rw-p 00000000 00:00 0 
7fb5933c6000-7fb594000000 ---p 00000000 00:00 0 
7fb594000000-7fb5946b3000 rw-p 00000000 00:00 0 
7fb5946b3000-7fb598000000 ---p 00000000 00:00 0 
7fb598000000-7fb598021000 rw-p 00000000 00:00 0 
7fb598021000-7fb59c000000 ---p 00000000 00:00 0 
7fb59c000000-7fb59fffc000 rw-p 00000000 00:00 0 
7fb59fffc000-7fb5a0000000 ---p 00000000 00:00 0 
7fb5a0000000-7fb5a008b000 rw-p 00000000 00:00 0 
7fb5a008b000-7fb5a4000000 ---p 00000000 00:00 0 
7fb5a4000000-7fb5a4052000 rw-p 00000000 00:00 0 
7fb5a4052000-7fb5a8000000 ---p 00000000 00:00 0 
7fb5a8000000-7fb5a8434000 rw-p 00000000 00:00 0 
7fb5a8434000-7fb5ac000000 ---p 00000000 00:00 0 
7fb5ac000000-7fb5ac001000 r--s 00003000 ca:01 261590                     /home/ubuntu/spark-2.1.1-bin-hadoop2.7/jars/spark-tags_2.11-2.1.1.jar
7fb5ac001000-7fb5ac002000 r--s 0000b000 ca:01 261631                     /home/ubuntu/spark-2.1.1-bin-hadoop2.7/jars/snappy-0.2.jar
7fb5ac002000-7fb5ac006000 r--s 0000c000 ca:01 261617                     /home/ubuntu/spark-2.1.1-bin-hadoop2.7/jars/validation-api-1.1.0.Final.jar
7fb5ac006000-7fb5ac01f000 r--s 00114000 ca:01 261577                     /home/ubuntu/spark-2.1.1-bin-hadoop2.7/jars/spark-hive_2.11-2.1.1.jar
7fb5ac01f000-7fb5ac037000 r--s 00115000 ca:01 261824                     /home/ubuntu/spark-2.1.1-bin-hadoop2.7/jars/netty-3.8.0.Final.jar
7fb5ac037000-7fb5ac03e000 r--s 00049000 ca:01 261852                     /home/ubuntu/spark-2.1.1-bin-hadoop2.7/jars/univocity-parsers-2.2.1.jar
7fb5ac03e000-7fb5ac08a000 r--s 00411000 ca:01 261857                     /home/ubuntu/spark-2.1.1-bin-hadoop2.7/jars/scala-reflect-2.11.8.jar
7fb5ac08a000-7fb5ac098000 r--s 0009d000 ca:01 261614                     /home/ubuntu/spark-2.1.1-bin-hadoop2.7/jars/jersey-common-2.22.2.jar
7fb5ac098000-7fb5ac0a2000 r--s 000aa000 ca:01 261762                     /home/ubuntu/spark-2.1.1-bin-hadoop2.7/jars/janino-3.0.0.jar
7fb5ac0a2000-7fb5ac0a3000 r--s 00008000 ca:01 261844                     /home/ubuntu/spark-2.1.1-bin-hadoop2.7/jars/commons-compiler-3.0.0.jar
7fb5ac0a3000-7fb5ac0ac000 r--s 00097000 ca:01 261837                     /home/ubuntu/spark-2.1.1-bin-hadoop2.7/jars/pmml-model-1.2.15.jar
7fb5ac0ac000-7fb5ac0ae000 r--s 00005000 ca:01 261741                     /home/ubuntu/spark-2.1.1-bin-hadoop2.7/jars/stax-api-1.0.1.jar
7fb5ac0ae000-7fb5ac0b2000 r--s 00035000 ca:01 261597                     /home/ubuntu/spark-2.1.1-bin-hadoop2.7/jars/jackson-core-asl-1.9.13.jar
7fb5ac0b2000-7fb5ac0b5000 r--s 00019000 ca:01 261530                     /home/ubuntu/spark-2.1.1-bin-hadoop2.7/jars/bonecp-0.8.0.RELEASE.jar
7fb5ac0b5000-7fb5ac0b7000 r--s 00038000 ca:01 261789                     /home/ubuntu/spark-2.1.1-bin-hadoop2.7/jars/lz4-1.3.0.jar
7fb5ac0b7000-7fb5ac0d0000 r--s 00164000 ca:01 261738                     /home/ubuntu/spark-2.1.1-bin-hadoop2.7/jars/hadoop-mapreduce-client-core-2.7.3.jar
7fb5ac0d0000-7fb5ac0d3000 r--s 00026000 ca:01 261792                     /home/ubuntu/spark-2.1.1-bin-hadoop2.7/jars/hadoop-yarn-client-2.7.3.jar
7fb5ac0d3000-7fb5ac0d5000 r--s 00017000 ca:01 261607                     /home/ubuntu/spark-2.1.1-bin-hadoop2.7/jars/hive-jdbc-1.2.1.spark2.jar
7fb5ac0d5000-7fb5ac156000 r--s 005d9000 ca:01 261746                     /home/ubuntu/spark-2.1.1-bin-hadoop2.7/jars/spark-sql_2.11-2.1.1.jar
7fb5ac156000-7fb5ac157000 r--s 00006000 ca:01 261755                     /home/ubuntu/spark-2.1.1-bin-hadoop2.7/jars/hadoop-client-2.7.3.jar
7fb5ac157000-7fb5ac15e000 r--s 00058000 ca:01 261609                     /home/ubuntu/spark-2.1.1-bin-hadoop2.7/jars/hadoop-yarn-server-common-2.7.3.jar
7fb5ac15e000-7fb5ac15f000 r--s 0000a000 ca:01 261616                     /home/ubuntu/spark-2.1.1-bin-hadoop2.7/jars/apacheds-i18n-2.0.0-M15.jar
7fb5ac15f000-7fb5ac160000 r--s 00000000 ca:01 261600                     /home/ubuntu/spark-2.1.1-bin-hadoop2.7/jars/javax.inject-1.jar
7fb5ac160000-7fb5ac166000 r--s 00045000 ca:01 261605                     /home/ubuntu/spark-2.1.1-bin-hadoop2.7/jars/commons-httpclient-3.1.jar
7fb5ac166000-7fb5ac173000 r--s 000a7000 ca:01 261627                     /home/ubuntu/spark-2.1.1-bin-hadoop2.7/jars/httpclient-4.5.2.jar
7fb5ac173000-7fb5ac175000 r--s 0001f000 ca:01 261825                     /home/ubuntu/spark-2.1.1-bin-hadoop2.7/jars/commons-crypto-1.0.0.jar
7fb5ac175000-7fb5ac17a000 r--s 0002a000 ca:01 261735                     /home/ubuntu/spark-2.1.1-bin-hadoop2.7/jars/gson-2.2.4.jar
7fb5ac17a000-7fb5ac1ba000 r--s 00277000 ca:01 261767                     /home/ubuntu/spark-2.1.1-bin-hadoop2.7/jars/bcprov-jdk15on-1.51.jar
7fb5ac1ba000-7fb5ac1bd000 r--s 00016000 ca:01 261593                     /home/ubuntu/spark-2.1.1-bin-hadoop2.7/jars/jsp-api-2.1.jar
7fb5ac1bd000-7fb5ac1be000 r--s 00001000 ca:01 261838                     /home/ubuntu/spark-2.1.1-bin-hadoop2.7/jars/javax.inject-2.4.0-b34.jar
7fb5ac1be000-7fb5ac1bf000 r--s 00002000 ca:01 261586                     /home/ubuntu/spark-2.1.1-bin-hadoop2.7/jars/java-xmlbuilder-1.0.jar
7fb5ac1bf000-7fb5ac1c1000 r--s 00015000 ca:01 261547                     /home/ubuntu/spark-2.1.1-bin-hadoop2.7/jars/hadoop-auth-2.7.3.jar
7fb5ac1c1000-7fb5ac1c5000 r--s 0002f000 ca:01 261795                     /home/ubuntu/spark-2.1.1-bin-hadoop2.7/jars/commons-beanutils-core-1.8.0.jar
7fb5ac1c5000-7fb5ac1f4000 r--s 002e5000 ca:01 261846                     /home/ubuntu/spark-2.1.1-bin-hadoop2.7/jars/derby-10.12.1.1.jar
7fb5ac1f4000-7fb5ac1f6000 r--s 00008000 ca:01 261544                     /home/ubuntu/spark-2.1.1-bin-hadoop2.7/jars/metrics-jvm-3.1.2.jar
7fb5ac1f6000-7fb5ac1f9000 r--s 00015000 ca:01 261723                     /home/ubuntu/spark-2.1.1-bin-hadoop2.7/jars/pyrolite-4.13.jar
7fb5ac1f9000-7fb5ac1fb000 r--s 0000e000 ca:01 261760                     /home/ubuntu/spark-2.1.1-bin-hadoop2.7/jars/spark-repl_2.11-2.1.1.jar
7fb5ac1fb000-7fb5ac204000 r--s 0006f000 ca:01 261724                     /home/ubuntu/spark-2.1.1-bin-hadoop2.7/jars/log4j-1.2.17.jar
7fb5ac204000-7fb5ac208000 r--s 00025000 ca:01 261850                     /home/ubuntu/spark-2.1.1-bin-hadoop2.7/jars/jersey-client-2.22.2.jar
7fb5ac208000-7fb5ac20f000 r--s 00058000 ca:01 261589                     /home/ubuntu/spark-2.1.1-bin-hadoop2.7/jars/parquet-format-2.3.0-incubating.jar
7fb5ac20f000-7fb5ac211000 r--s 00003000 ca:01 261615                     /home/ubuntu/spark-2.1.1-bin-hadoop2.7/jars/api-asn1-api-1.0.0-M20.jar
7fb5ac211000-7fb5ac21b000 r--s 0007b000 ca:01 261847                     /home/ubuntu/spark-2.1.1-bin-hadoop2.7/jars/hadoop-mapreduce-client-app-2.7.3.jar
7fb5ac21b000-7fb5ac21e000 r--s 0000e000 ca:01 261575                     /home/ubuntu/spark-2.1.1-bin-hadoop2.7/jars/jersey-container-servlet-core-2.22.2.jar
7fb5ac21e000-7fb5ac222000 r--s 00025000 ca:01 261538                     /home/ubuntu/spark-2.1.1-bin-hadoop2.7/jars/antlr-runtime-3.4.jar
7fb5ac222000-7fb5ac233000 r--s 00089000 ca:01 261623                     /home/ubuntu/spark-2.1.1-bin-hadoop2.7/jars/joda-time-2.9.3.jar
7fb5ac233000-7fb5ac235000 r--s 00005000 ca:01 261743                     /home/ubuntu/spark-2.1.1-bin-hadoop2.7/jars/javax.annotation-api-1.2.jar
7fb5ac235000-7fb5ac23a000 r--s 00032000 ca:01 261864                     /home/ubuntu/spark-2.1.1-bin-hadoop2.7/jars/chill_2.11-0.8.0.jar
7fb5ac23a000-7fb5ac245000 r--s 0005d000 ca:01 261853                     /home/ubuntu/spark-2.1.1-bin-hadoop2.7/jars/scala-parser-combinators_2.11-1.0.4.jar
7fb5ac245000-7fb5ac257000 r--s 00112000 ca:01 261835                     /home/ubuntu/spark-2.1.1-bin-hadoop2.7/jars/arpack_combined_all-0.1.jar
7fb5ac257000-7fb5ac26f000 r--s 000d6000 ca:01 261571                     /home/ubuntu/spark-2.1.1-bin-hadoop2.7/jars/jersey-guava-2.22.2.jar
7fb5ac26f000-7fb5ac275000 r--s 0002c000 ca:01 261828                     /home/ubuntu/spark-2.1.1-bin-hadoop2.7/jars/jdo-api-3.0.1.jar
7fb5ac275000-7fb5ac27c000 r--s 00046000 ca:01 261797                     /home/ubuntu/spark-2.1.1-bin-hadoop2.7/jars/libfb303-0.9.3.jar
7fb5ac27c000-7fb5ac28e000 r--s 000b3000 ca:01 261829                     /home/ubuntu/spark-2.1.1-bin-hadoop2.7/jars/scalap-2.11.8.jar
7fb5ac28e000-7fb5ac2a6000 r--s 00115000 ca:01 261537                     /home/ubuntu/spark-2.1.1-bin-hadoop2.7/jars/xercesImpl-2.9.1.jar
7fb5ac2a6000-7fb5ac2fb000 r--s 0069c000 ca:01 261595                     /home/ubuntu/spark-2.1.1-bin-hadoop2.7/jars/spire_2.11-0.7.4.jar
7fb5ac2fb000-7fb5ac2fc000 ---p 00000000 00:00 0 
7fb5ac2fc000-7fb5ac3fc000 rw-p 00000000 00:00 0 
7fb5ac3fc000-7fb5ac3ff000 ---p 00000000 00:00 0 
7fb5ac3ff000-7fb5ac4fd000 rw-p 00000000 00:00 0 
7fb5ac4fd000-7fb5ac500000 ---p 00000000 00:00 0 
7fb5ac500000-7fb5ac5fe000 rw-p 00000000 00:00 0 
7fb5ac5fe000-7fb5ac601000 ---p 00000000 00:00 0 
7fb5ac601000-7fb5ac6ff000 rw-p 00000000 00:00 0 
7fb5ac6ff000-7fb5ac702000 ---p 00000000 00:00 0 
7fb5ac702000-7fb5ad000000 rw-p 00000000 00:00 0 
7fb5ad000000-7fb5b0f60000 rwxp 00000000 00:00 0 
7fb5b0f60000-7fb5bc000000 ---p 00000000 00:00 0 
7fb5bc000000-7fb5bcdf7000 rw-p 00000000 00:00 0 
7fb5bcdf7000-7fb5c0000000 ---p 00000000 00:00 0 
7fb5c0000000-7fb5c0002000 r--s 00010000 ca:01 261622                     /home/ubuntu/spark-2.1.1-bin-hadoop2.7/jars/hadoop-mapreduce-client-shuffle-2.7.3.jar
7fb5c0002000-7fb5c0004000 r--s 00000000 ca:01 261836                     /home/ubuntu/spark-2.1.1-bin-hadoop2.7/jars/jul-to-slf4j-1.7.16.jar
7fb5c0004000-7fb5c0007000 r--s 00014000 ca:01 261761                     /home/ubuntu/spark-2.1.1-bin-hadoop2.7/jars/super-csv-2.2.0.jar
7fb5c0007000-7fb5c0009000 r--s 00003000 ca:01 261843                     /home/ubuntu/spark-2.1.1-bin-hadoop2.7/jars/base64-2.3.8.jar
7fb5c0009000-7fb5c000b000 r--s 00003000 ca:01 261570                     /home/ubuntu/spark-2.1.1-bin-hadoop2.7/jars/jersey-container-servlet-2.22.2.jar
7fb5c000b000-7fb5c0015000 r--s 000a5000 ca:01 261766                     /home/ubuntu/spark-2.1.1-bin-hadoop2.7/jars/javassist-3.18.1-GA.jar
7fb5c0015000-7fb5c0018000 r--s 00021000 ca:01 261596                     /home/ubuntu/spark-2.1.1-bin-hadoop2.7/jars/xbean-asm5-shaded-4.4.jar
7fb5c0018000-7fb5c001b000 r--s 00025000 ca:01 261618                     /home/ubuntu/spark-2.1.1-bin-hadoop2.7/jars/commons-dbcp-1.4.jar
7fb5c001b000-7fb5c0042000 r--s 0020f000 ca:01 261726                     /home/ubuntu/spark-2.1.1-bin-hadoop2.7/jars/netty-all-4.0.42.Final.jar
7fb5c0042000-7fb5c0045000 r--s 00015000 ca:01 261620                     /home/ubuntu/spark-2.1.1-bin-hadoop2.7/jars/commons-pool-1.5.4.jar
7fb5c0045000-7fb5c0047000 r--s 00004000 ca:01 261787                     /home/ubuntu/spark-2.1.1-bin-hadoop2.7/jars/metrics-graphite-3.1.2.jar
7fb5c0047000-7fb5c004c000 r--s 00027000 ca:01 261861                     /home/ubuntu/spark-2.1.1-bin-hadoop2.7/jars/hk2-api-2.4.0-b34.jar
7fb5c004c000-7fb5c0052000 r--s 00034000 ca:01 261799                     /home/ubuntu/spark-2.1.1-bin-hadoop2.7/jars/libthrift-0.9.3.jar
7fb5c0052000-7fb5c006d000 r--s 001d6000 ca:01 286319                     /usr/lib/jvm/java-8-openjdk-amd64/jre/lib/ext/nashorn.jar
7fb5c006d000-7fb5c0088000 r--s 00394000 ca:01 286322                     /usr/lib/jvm/java-8-openjdk-amd64/jre/lib/ext/cldrdata.jar
7fb5c0088000-7fb5c0220000 r--p 00000000 ca:01 29052                      /usr/lib/locale/locale-archive
7fb5c0220000-7fb5c0223000 ---p 00000000 00:00 0 
7fb5c0223000-7fb5c0321000 rw-p 00000000 00:00 0 
7fb5c0321000-7fb5c0324000 ---p 00000000 00:00 0 
7fb5c0324000-7fb5c0422000 rw-p 00000000 00:00 0 
7fb5c0422000-7fb5c0423000 ---p 00000000 00:00 0 
7fb5c0423000-7fb5c0523000 rw-p 00000000 00:00 0 
7fb5c0523000-7fb5c06f3000 r--s 03c5c000 ca:01 286303                     /usr/lib/jvm/java-8-openjdk-amd64/jre/lib/rt.jar
7fb5c06f3000-7fb5c07e3000 rw-p 00000000 00:00 0 
7fb5c07e3000-7fb5c08bf000 ---p 00000000 00:00 0 
7fb5c08bf000-7fb5c08fb000 rw-p 00000000 00:00 0 
7fb5c08fb000-7fb5c0969000 ---p 00000000 00:00 0 
7fb5c0969000-7fb5c09e3000 rw-p 00000000 00:00 0 
7fb5c09e3000-7fb5c0abf000 ---p 00000000 00:00 0 
7fb5c0abf000-7fb5c0bbe000 rw-p 00000000 00:00 0 
7fb5c0bbe000-7fb5c0e80000 ---p 00000000 00:00 0 
7fb5c0e80000-7fb5c0e88000 r-xp 00000000 ca:01 286357                     /usr/lib/jvm/java-8-openjdk-amd64/jre/lib/amd64/libzip.so
7fb5c0e88000-7fb5c1087000 ---p 00008000 ca:01 286357                     /usr/lib/jvm/java-8-openjdk-amd64/jre/lib/amd64/libzip.so
7fb5c1087000-7fb5c1088000 r--p 00007000 ca:01 286357                     /usr/lib/jvm/java-8-openjdk-amd64/jre/lib/amd64/libzip.so
7fb5c1088000-7fb5c1089000 rw-p 00008000 ca:01 286357                     /usr/lib/jvm/java-8-openjdk-amd64/jre/lib/amd64/libzip.so
7fb5c1089000-7fb5c1094000 r-xp 00000000 ca:01 1993                       /lib/x86_64-linux-gnu/libnss_files-2.23.so
7fb5c1094000-7fb5c1293000 ---p 0000b000 ca:01 1993                       /lib/x86_64-linux-gnu/libnss_files-2.23.so
7fb5c1293000-7fb5c1294000 r--p 0000a000 ca:01 1993                       /lib/x86_64-linux-gnu/libnss_files-2.23.so
7fb5c1294000-7fb5c1295000 rw-p 0000b000 ca:01 1993                       /lib/x86_64-linux-gnu/libnss_files-2.23.so
7fb5c1295000-7fb5c129b000 rw-p 00000000 00:00 0 
7fb5c129b000-7fb5c12a6000 r-xp 00000000 ca:01 1997                       /lib/x86_64-linux-gnu/libnss_nis-2.23.so
7fb5c12a6000-7fb5c14a5000 ---p 0000b000 ca:01 1997                       /lib/x86_64-linux-gnu/libnss_nis-2.23.so
7fb5c14a5000-7fb5c14a6000 r--p 0000a000 ca:01 1997                       /lib/x86_64-linux-gnu/libnss_nis-2.23.so
7fb5c14a6000-7fb5c14a7000 rw-p 0000b000 ca:01 1997                       /lib/x86_64-linux-gnu/libnss_nis-2.23.so
7fb5c14a7000-7fb5c14bd000 r-xp 00000000 ca:01 1977                       /lib/x86_64-linux-gnu/libnsl-2.23.so
7fb5c14bd000-7fb5c16bc000 ---p 00016000 ca:01 1977                       /lib/x86_64-linux-gnu/libnsl-2.23.so
7fb5c16bc000-7fb5c16bd000 r--p 00015000 ca:01 1977                       /lib/x86_64-linux-gnu/libnsl-2.23.so
7fb5c16bd000-7fb5c16be000 rw-p 00016000 ca:01 1977                       /lib/x86_64-linux-gnu/libnsl-2.23.so
7fb5c16be000-7fb5c16c0000 rw-p 00000000 00:00 0 
7fb5c16c0000-7fb5c16c8000 r-xp 00000000 ca:01 1988                       /lib/x86_64-linux-gnu/libnss_compat-2.23.so
7fb5c16c8000-7fb5c18c7000 ---p 00008000 ca:01 1988                       /lib/x86_64-linux-gnu/libnss_compat-2.23.so
7fb5c18c7000-7fb5c18c8000 r--p 00007000 ca:01 1988                       /lib/x86_64-linux-gnu/libnss_compat-2.23.so
7fb5c18c8000-7fb5c18c9000 rw-p 00008000 ca:01 1988                       /lib/x86_64-linux-gnu/libnss_compat-2.23.so
7fb5c18c9000-7fb5c18f2000 r-xp 00000000 ca:01 286342                     /usr/lib/jvm/java-8-openjdk-amd64/jre/lib/amd64/libjava.so
7fb5c18f2000-7fb5c1af1000 ---p 00029000 ca:01 286342                     /usr/lib/jvm/java-8-openjdk-amd64/jre/lib/amd64/libjava.so
7fb5c1af1000-7fb5c1af2000 r--p 00028000 ca:01 286342                     /usr/lib/jvm/java-8-openjdk-amd64/jre/lib/amd64/libjava.so
7fb5c1af2000-7fb5c1af4000 rw-p 00029000 ca:01 286342                     /usr/lib/jvm/java-8-openjdk-amd64/jre/lib/amd64/libjava.so
7fb5c1af4000-7fb5c1b03000 r-xp 00000000 ca:01 286359                     /usr/lib/jvm/java-8-openjdk-amd64/jre/lib/amd64/libverify.so
7fb5c1b03000-7fb5c1d02000 ---p 0000f000 ca:01 286359                     /usr/lib/jvm/java-8-openjdk-amd64/jre/lib/amd64/libverify.so
7fb5c1d02000-7fb5c1d04000 r--p 0000e000 ca:01 286359                     /usr/lib/jvm/java-8-openjdk-amd64/jre/lib/amd64/libverify.so
7fb5c1d04000-7fb5c1d05000 rw-p 00010000 ca:01 286359                     /usr/lib/jvm/java-8-openjdk-amd64/jre/lib/amd64/libverify.so
7fb5c1d05000-7fb5c1d0c000 r-xp 00000000 ca:01 1998                       /lib/x86_64-linux-gnu/librt-2.23.so
7fb5c1d0c000-7fb5c1f0b000 ---p 00007000 ca:01 1998                       /lib/x86_64-linux-gnu/librt-2.23.so
7fb5c1f0b000-7fb5c1f0c000 r--p 00006000 ca:01 1998                       /lib/x86_64-linux-gnu/librt-2.23.so
7fb5c1f0c000-7fb5c1f0d000 rw-p 00007000 ca:01 1998                       /lib/x86_64-linux-gnu/librt-2.23.so
7fb5c1f0d000-7fb5c1f23000 r-xp 00000000 ca:01 1975                       /lib/x86_64-linux-gnu/libgcc_s.so.1
7fb5c1f23000-7fb5c2122000 ---p 00016000 ca:01 1975                       /lib/x86_64-linux-gnu/libgcc_s.so.1
7fb5c2122000-7fb5c2123000 rw-p 00015000 ca:01 1975                       /lib/x86_64-linux-gnu/libgcc_s.so.1
7fb5c2123000-7fb5c222b000 r-xp 00000000 ca:01 1976                       /lib/x86_64-linux-gnu/libm-2.23.so
7fb5c222b000-7fb5c242a000 ---p 00108000 ca:01 1976                       /lib/x86_64-linux-gnu/libm-2.23.so
7fb5c242a000-7fb5c242b000 r--p 00107000 ca:01 1976                       /lib/x86_64-linux-gnu/libm-2.23.so
7fb5c242b000-7fb5c242c000 rw-p 00108000 ca:01 1976                       /lib/x86_64-linux-gnu/libm-2.23.so
7fb5c242c000-7fb5c259e000 r-xp 00000000 ca:01 7979                       /usr/lib/x86_64-linux-gnu/libstdc++.so.6.0.21
7fb5c259e000-7fb5c279e000 ---p 00172000 ca:01 7979                       /usr/lib/x86_64-linux-gnu/libstdc++.so.6.0.21
7fb5c279e000-7fb5c27a8000 r--p 00172000 ca:01 7979                       /usr/lib/x86_64-linux-gnu/libstdc++.so.6.0.21
7fb5c27a8000-7fb5c27aa000 rw-p 0017c000 ca:01 7979                       /usr/lib/x86_64-linux-gnu/libstdc++.so.6.0.21
7fb5c27aa000-7fb5c27ae000 rw-p 00000000 00:00 0 
7fb5c27ae000-7fb5c3412000 r-xp 00000000 ca:01 286369                     /usr/lib/jvm/java-8-openjdk-amd64/jre/lib/amd64/server/libjvm.so
7fb5c3412000-7fb5c3611000 ---p 00c64000 ca:01 286369                     /usr/lib/jvm/java-8-openjdk-amd64/jre/lib/amd64/server/libjvm.so
7fb5c3611000-7fb5c36a5000 r--p 00c63000 ca:01 286369                     /usr/lib/jvm/java-8-openjdk-amd64/jre/lib/amd64/server/libjvm.so
7fb5c36a5000-7fb5c36ce000 rw-p 00cf7000 ca:01 286369                     /usr/lib/jvm/java-8-openjdk-amd64/jre/lib/amd64/server/libjvm.so
7fb5c36ce000-7fb5c36fe000 rw-p 00000000 00:00 0 
7fb5c36fe000-7fb5c3716000 r-xp 00000000 ca:01 1979                       /lib/x86_64-linux-gnu/libpthread-2.23.so
7fb5c3716000-7fb5c3915000 ---p 00018000 ca:01 1979                       /lib/x86_64-linux-gnu/libpthread-2.23.so
7fb5c3915000-7fb5c3916000 r--p 00017000 ca:01 1979                       /lib/x86_64-linux-gnu/libpthread-2.23.so
7fb5c3916000-7fb5c3917000 rw-p 00018000 ca:01 1979                       /lib/x86_64-linux-gnu/libpthread-2.23.so
7fb5c3917000-7fb5c391b000 rw-p 00000000 00:00 0 
7fb5c391b000-7fb5c391e000 r-xp 00000000 ca:01 1982                       /lib/x86_64-linux-gnu/libdl-2.23.so
7fb5c391e000-7fb5c3b1d000 ---p 00003000 ca:01 1982                       /lib/x86_64-linux-gnu/libdl-2.23.so
7fb5c3b1d000-7fb5c3b1e000 r--p 00002000 ca:01 1982                       /lib/x86_64-linux-gnu/libdl-2.23.so
7fb5c3b1e000-7fb5c3b1f000 rw-p 00003000 ca:01 1982                       /lib/x86_64-linux-gnu/libdl-2.23.so
7fb5c3b1f000-7fb5c3b38000 r-xp 00000000 ca:01 2129                       /lib/x86_64-linux-gnu/libz.so.1.2.8
7fb5c3b38000-7fb5c3d37000 ---p 00019000 ca:01 2129                       /lib/x86_64-linux-gnu/libz.so.1.2.8
7fb5c3d37000-7fb5c3d38000 r--p 00018000 ca:01 2129                       /lib/x86_64-linux-gnu/libz.so.1.2.8
7fb5c3d38000-7fb5c3d39000 rw-p 00019000 ca:01 2129                       /lib/x86_64-linux-gnu/libz.so.1.2.8
7fb5c3d39000-7fb5c3ef9000 r-xp 00000000 ca:01 1980                       /lib/x86_64-linux-gnu/libc-2.23.so
7fb5c3ef9000-7fb5c40f9000 ---p 001c0000 ca:01 1980                       /lib/x86_64-linux-gnu/libc-2.23.so
7fb5c40f9000-7fb5c40fd000 r--p 001c0000 ca:01 1980                       /lib/x86_64-linux-gnu/libc-2.23.so
7fb5c40fd000-7fb5c40ff000 rw-p 001c4000 ca:01 1980                       /lib/x86_64-linux-gnu/libc-2.23.so
7fb5c40ff000-7fb5c4103000 rw-p 00000000 00:00 0 
7fb5c4103000-7fb5c4110000 r-xp 00000000 ca:01 286351                     /usr/lib/jvm/java-8-openjdk-amd64/jre/lib/amd64/jli/libjli.so
7fb5c4110000-7fb5c430f000 ---p 0000d000 ca:01 286351                     /usr/lib/jvm/java-8-openjdk-amd64/jre/lib/amd64/jli/libjli.so
7fb5c430f000-7fb5c4310000 r--p 0000c000 ca:01 286351                     /usr/lib/jvm/java-8-openjdk-amd64/jre/lib/amd64/jli/libjli.so
7fb5c4310000-7fb5c4311000 rw-p 0000d000 ca:01 286351                     /usr/lib/jvm/java-8-openjdk-amd64/jre/lib/amd64/jli/libjli.so
7fb5c4311000-7fb5c4337000 r-xp 00000000 ca:01 1978                       /lib/x86_64-linux-gnu/ld-2.23.so
7fb5c4337000-7fb5c4338000 r--s 00009000 ca:01 261534                     /home/ubuntu/spark-2.1.1-bin-hadoop2.7/jars/hadoop-annotations-2.7.3.jar
7fb5c4338000-7fb5c4339000 r--s 00003000 ca:01 261827                     /home/ubuntu/spark-2.1.1-bin-hadoop2.7/jars/metrics-json-3.1.2.jar
7fb5c4339000-7fb5c433b000 r--s 0000f000 ca:01 261715                     /home/ubuntu/spark-2.1.1-bin-hadoop2.7/jars/curator-client-2.6.0.jar
7fb5c433b000-7fb5c433e000 r--s 0000f000 ca:01 286318                     /usr/lib/jvm/java-8-openjdk-amd64/jre/lib/ext/icedtea-sound.jar
7fb5c433e000-7fb5c433f000 r--s 00010000 ca:01 286325                     /usr/lib/jvm/java-8-openjdk-amd64/jre/lib/ext/zipfs.jar
7fb5c433f000-7fb5c4342000 r--s 00039000 ca:01 286321                     /usr/lib/jvm/java-8-openjdk-amd64/jre/lib/ext/sunpkcs11.jar
7fb5c4342000-7fb5c4343000 r--s 0000a000 ca:01 286320                     /usr/lib/jvm/java-8-openjdk-amd64/jre/lib/ext/jaccess.jar
7fb5c4343000-7fb5c4345000 r--s 00001000 ca:01 286323                     /usr/lib/jvm/java-8-openjdk-amd64/jre/lib/ext/dnsns.jar
7fb5c4345000-7fb5c434f000 r--s 00116000 ca:01 286326                     /usr/lib/jvm/java-8-openjdk-amd64/jre/lib/ext/localedata.jar
7fb5c434f000-7fb5c4420000 rw-p 00000000 00:00 0 
7fb5c4420000-7fb5c4428000 rw-s 00000000 ca:01 2524                       /tmp/hsperfdata_ubuntu/2042
7fb5c4428000-7fb5c442b000 ---p 00000000 00:00 0 
7fb5c442b000-7fb5c452d000 rw-p 00000000 00:00 0 
7fb5c452d000-7fb5c4532000 r--s 0003c000 ca:01 286324                     /usr/lib/jvm/java-8-openjdk-amd64/jre/lib/ext/sunjce_provider.jar
7fb5c4532000-7fb5c4533000 r--s 0000d000 ca:01 286317                     /usr/lib/jvm/java-8-openjdk-amd64/jre/lib/ext/sunec.jar
7fb5c4533000-7fb5c4534000 rw-p 00000000 00:00 0 
7fb5c4534000-7fb5c4535000 ---p 00000000 00:00 0 
7fb5c4535000-7fb5c4536000 rw-p 00000000 00:00 0 
7fb5c4536000-7fb5c4537000 r--p 00025000 ca:01 1978                       /lib/x86_64-linux-gnu/ld-2.23.so
7fb5c4537000-7fb5c4538000 rw-p 00026000 ca:01 1978                       /lib/x86_64-linux-gnu/ld-2.23.so
7fb5c4538000-7fb5c4539000 rw-p 00000000 00:00 0 
7ffef8fc2000-7ffef8fe3000 rw-p 00000000 00:00 0                          [stack]
7ffef8ff0000-7ffef8ff2000 r--p 00000000 00:00 0                          [vvar]
7ffef8ff2000-7ffef8ff4000 r-xp 00000000 00:00 0                          [vdso]
ffffffffff600000-ffffffffff601000 r-xp 00000000 00:00 0                  [vsyscall]

VM Arguments:
jvm_args: -Xmx1g 
java_command: org.apache.spark.deploy.SparkSubmit --conf spark.app.name=Iteration4_misl938 pyspark-shell
java_class_path (initial): /home/ubuntu/spark-2.1.1-bin-hadoop2.7/conf/:/home/ubuntu/spark-2.1.1-bin-hadoop2.7/jars/libthrift-0.9.3.jar:/home/ubuntu/spark-2.1.1-bin-hadoop2.7/jars/curator-client-2.6.0.jar:/home/ubuntu/spark-2.1.1-bin-hadoop2.7/jars/hk2-api-2.4.0-b34.jar:/home/ubuntu/spark-2.1.1-bin-hadoop2.7/jars/metrics-json-3.1.2.jar:/home/ubuntu/spark-2.1.1-bin-hadoop2.7/jars/metrics-graphite-3.1.2.jar:/home/ubuntu/spark-2.1.1-bin-hadoop2.7/jars/spire_2.11-0.7.4.jar:/home/ubuntu/spark-2.1.1-bin-hadoop2.7/jars/commons-pool-1.5.4.jar:/home/ubuntu/spark-2.1.1-bin-hadoop2.7/jars/netty-all-4.0.42.Final.jar:/home/ubuntu/spark-2.1.1-bin-hadoop2.7/jars/commons-dbcp-1.4.jar:/home/ubuntu/spark-2.1.1-bin-hadoop2.7/jars/xbean-asm5-shaded-4.4.jar:/home/ubuntu/spark-2.1.1-bin-hadoop2.7/jars/xercesImpl-2.9.1.jar:/home/ubuntu/spark-2.1.1-bin-hadoop2.7/jars/hadoop-annotations-2.7.3.jar:/home/ubuntu/spark-2.1.1-bin-hadoop2.7/jars/javassist-3.18.1-GA.jar:/home/ubuntu/spark-2.1.1-bin-hadoop2.7/jars/jersey-container-servlet-2.22.2.jar:/home/ubuntu/spark-2.1.1-bin-hadoop2.7/jars/base64-2.3.8.jar:/home/ubuntu/spark-2.1.1-bin-hadoop2.7/jars/scalap-2.11.8.jar:/home/ubuntu/spark-2.1.1-bin-hadoop2.7/jars/super-csv-2.2.0.jar:/home/ubuntu/spark-2.1.1-bin-hadoop2.7/jars/jul-to-slf4j-1.7.16.jar:/home/ubuntu/spark-2.1.1-bin-hadoop2.7/jars/hadoop-mapreduce-client-shuffle-2.7.3.jar:/home/ubuntu/spark-2.1.1-bin-hadoop2.7/jars/libfb303-0.9.3.jar:/home/ubuntu/spark-2.1.1-bin-hadoop2.7/jars/jdo-api-3.0.1.jar:/home/ubuntu/spark-2.1.1-bin-hadoop2.7/jars/jersey-guava-2.22.2.jar:/home/ubuntu/spark-2.1.1-bin-hadoop2.7/jars/arpack_combined_all-0.1.jar:/home/ubuntu/spark-2.1.1-bin-hadoop2.7/jars/scala-parser-combinators_2.11-1.0.4.jar:/home/ubuntu/spark-2.1.1-bin-hadoop2.7/jars/chill_2.11-0.8.0.jar:/home/ubuntu/spark-2.1.1-bin-hadoop2.7/jars/javax.annotation-api-1.2.jar:/home/ubuntu/spark-2.1.1-bin-hadoop2.7/jars/joda-time-2.9.3.jar:/home/ubuntu/spark-2.1.1-bin-hadoop2.7/jars/antlr-runtime-3.4.jar:/home/u
Launcher Type: SUN_STANDARD

Environment Variables:
PATH=/home/ubuntu/.local/bin:/home/ubuntu/bin:/home/ubuntu/.local/bin:/usr/local/sbin:/usr/local/bin:/usr/sbin:/usr/bin:/sbin:/bin:/usr/games:/usr/local/games:/snap/bin
SHELL=/bin/bash

Signal Handlers:
SIGSEGV: [libjvm.so+0xa783e0], sa_mask[0]=11111111011111111101111111111110, sa_flags=SA_RESTART|SA_SIGINFO
SIGBUS: [libjvm.so+0xa783e0], sa_mask[0]=11111111011111111101111111111110, sa_flags=SA_RESTART|SA_SIGINFO
SIGFPE: [libjvm.so+0x8c0e10], sa_mask[0]=11111111011111111101111111111110, sa_flags=SA_RESTART|SA_SIGINFO
SIGPIPE: [libjvm.so+0x8c0e10], sa_mask[0]=11111111011111111101111111111110, sa_flags=SA_RESTART|SA_SIGINFO
SIGXFSZ: [libjvm.so+0x8c0e10], sa_mask[0]=11111111011111111101111111111110, sa_flags=SA_RESTART|SA_SIGINFO
SIGILL: [libjvm.so+0x8c0e10], sa_mask[0]=11111111011111111101111111111110, sa_flags=SA_RESTART|SA_SIGINFO
SIGUSR1: SIG_DFL, sa_mask[0]=00000000000000000000000000000000, sa_flags=none
SIGUSR2: [libjvm.so+0x8c0cc0], sa_mask[0]=00000000000000000000000000000000, sa_flags=SA_RESTART|SA_SIGINFO
SIGHUP: [libjvm.so+0x8c1350], sa_mask[0]=11111111011111111101111111111110, sa_flags=SA_RESTART|SA_SIGINFO
SIGINT: SIG_IGN, sa_mask[0]=00000000000000000000000000000000, sa_flags=none
SIGTERM: [libjvm.so+0x8c1350], sa_mask[0]=11111111011111111101111111111110, sa_flags=SA_RESTART|SA_SIGINFO
SIGQUIT: [libjvm.so+0x8c1350], sa_mask[0]=11111111011111111101111111111110, sa_flags=SA_RESTART|SA_SIGINFO


---------------  S Y S T E M  ---------------

OS:DISTRIB_ID=Ubuntu
DISTRIB_RELEASE=16.04
DISTRIB_CODENAME=xenial
DISTRIB_DESCRIPTION="Ubuntu 16.04.4 LTS"

uname:Linux 4.4.0-1096-aws #107-Ubuntu SMP Thu Oct 3 01:51:58 UTC 2019 x86_64
libc:glibc 2.23 NPTL 2.23 
rlimit: STACK 8192k, CORE 0k, NPROC 3900, NOFILE 1048576, AS infinity
load average:1.03 0.84 0.69

/proc/meminfo:
MemTotal:        1014364 kB
MemFree:           62660 kB
MemAvailable:      10960 kB
Buffers:            1088 kB
Cached:            29428 kB
SwapCached:            0 kB
Active:           888400 kB
Inactive:           9232 kB
Active(anon):     869892 kB
Inactive(anon):     2716 kB
Active(file):      18508 kB
Inactive(file):     6516 kB
Unevictable:        3652 kB
Mlocked:            3652 kB
SwapTotal:             0 kB
SwapFree:              0 kB
Dirty:               912 kB
Writeback:             0 kB
AnonPages:        870800 kB
Mapped:            13144 kB
Shmem:              3036 kB
Slab:              29712 kB
SReclaimable:      14396 kB
SUnreclaim:        15316 kB
KernelStack:        3184 kB
PageTables:         5496 kB
NFS_Unstable:          0 kB
Bounce:                0 kB
WritebackTmp:          0 kB
CommitLimit:      507180 kB
Committed_AS:    1059244 kB
VmallocTotal:   34359738367 kB
VmallocUsed:           0 kB
VmallocChunk:          0 kB
HardwareCorrupted:     0 kB
AnonHugePages:         0 kB
CmaTotal:              0 kB
CmaFree:               0 kB
HugePages_Total:       0
HugePages_Free:        0
HugePages_Rsvd:        0
HugePages_Surp:        0
Hugepagesize:       2048 kB
DirectMap4k:       36864 kB
DirectMap2M:     1011712 kB

container (cgroup) information:
container_type: cgroupv1
cpu_cpuset_cpus: 0
cpu_memory_nodes: 0
active_processor_count: 1
cpu_quota: -1
cpu_period: 100000
cpu_shares: -1
memory_limit_in_bytes: -1
memory_and_swap_limit_in_bytes: -2
memory_soft_limit_in_bytes: -1
memory_usage_in_bytes: 903888896
memory_max_usage_in_bytes: 919642112


CPU:total 1 (initial active 1) (1 cores per cpu, 1 threads per core) family 6 model 63 stepping 2, cmov, cx8, fxsr, mmx, sse, sse2, sse3, ssse3, sse4.1, sse4.2, popcnt, avx, avx2, aes, clmul, erms, lzcnt, tsc, bmi1, bmi2

/proc/cpuinfo:
processor	: 0
vendor_id	: GenuineIntel
cpu family	: 6
model		: 63
model name	: Intel(R) Xeon(R) CPU E5-2676 v3 @ 2.40GHz
stepping	: 2
microcode	: 0x43
cpu MHz		: 2400.042
cache size	: 30720 KB
physical id	: 0
siblings	: 1
core id		: 0
cpu cores	: 1
apicid		: 0
initial apicid	: 0
fpu		: yes
fpu_exception	: yes
cpuid level	: 13
wp		: yes
flags		: fpu vme de pse tsc msr pae mce cx8 apic sep mtrr pge mca cmov pat pse36 clflush mmx fxsr sse sse2 ht syscall nx rdtscp lm constant_tsc rep_good nopl xtopology pni pclmulqdq ssse3 fma cx16 pcid sse4_1 sse4_2 x2apic movbe popcnt tsc_deadline_timer aes xsave avx f16c rdrand hypervisor lahf_lm abm invpcid_single kaiser fsgsbase bmi1 avx2 smep bmi2 erms invpcid xsaveopt
bugs		: cpu_meltdown spectre_v1 spectre_v2 spec_store_bypass l1tf mds swapgs
bogomips	: 4800.08
clflush size	: 64
cache_alignment	: 64
address sizes	: 46 bits physical, 48 bits virtual
power management:



Memory: 4k page, physical 1014364k(62660k free), swap 0k(0k free)

vm_info: OpenJDK 64-Bit Server VM (25.222-b10) for linux-amd64 JRE (1.8.0_222-8u222-b10-1ubuntu1~16.04.1-b10), built on Jul 18 2019 20:25:18 by "buildd" with gcc 5.4.0 20160609

time: Sat Oct 26 01:13:29 2019
timezone: UTC
elapsed time: 1065 seconds (0d 0h 17m 45s)

